#
# There is insufficient memory for the Java Runtime Environment to continue.
# Native memory allocation (mmap) failed to map 264241152 bytes for G1 virtual space
# Possible reasons:
#   The system is out of physical RAM or swap space
#   The process is running with CompressedOops enabled, and the Java Heap may be blocking the growth of the native heap
# Possible solutions:
#   Reduce memory load on the system
#   Increase physical memory or swap space
#   Check if swap backing store is full
#   Decrease Java heap size (-Xmx/-Xms)
#   Decrease number of Java threads
#   Decrease Java thread stack sizes (-Xss)
#   Set larger code cache with -XX:ReservedCodeCacheSize=
#   JVM is running with Zero Based Compressed Oops mode in which the Java heap is
#     placed in the first 32GB address space. The Java Heap base address is the
#     maximum limit for the native heap growth. Please use -XX:HeapBaseMinAddress
#     to set the Java Heap base and to place the Java Heap above 32GB virtual address.
# This output file may be truncated or incomplete.
#
#  Out of Memory Error (os_windows.cpp:3603), pid=25944, tid=7396
#
# JRE version:  (21.0.9+7) (build )
# Java VM: Java HotSpot(TM) 64-Bit Server VM (21.0.9+7-LTS-338, mixed mode, sharing, tiered, compressed oops, compressed class ptrs, g1 gc, windows-amd64)
# No core dump will be written. Minidumps are not enabled by default on client versions of Windows
#

---------------  S U M M A R Y ------------

Command Line: -Dclassworlds.conf=C:\Users\goura\.m2\wrapper\dists\apache-maven-3.9.14\ed7edd442f634ac1c1ef5ba2b61b6d690b5221091f1a8e1123f5fadcc967520d\bin\m2.conf -Dmaven.home=C:\Users\goura\.m2\wrapper\dists\apache-maven-3.9.14\ed7edd442f634ac1c1ef5ba2b61b6d690b5221091f1a8e1123f5fadcc967520d -Dlibrary.jansi.path=C:\Users\goura\.m2\wrapper\dists\apache-maven-3.9.14\ed7edd442f634ac1c1ef5ba2b61b6d690b5221091f1a8e1123f5fadcc967520d\lib\jansi-native -Dmaven.multiModuleProjectDirectory=C:\Users\goura\Documents\workspace-spring-tools-for-eclipse-5.0.0.RELEASE\agriconnect-backend org.codehaus.plexus.classworlds.launcher.Launcher compile -X

Host: 13th Gen Intel(R) Core(TM) i7-1355U, 12 cores, 15G,  Windows 11 , 64 bit Build 26100 (10.0.26100.8115)
Time: Wed Apr  8 20:47:37 2026 India Standard Time elapsed time: 0.012909 seconds (0d 0h 0m 0s)

---------------  T H R E A D  ---------------

Current thread (0x000001c61da43780):  JavaThread "Unknown thread" [_thread_in_vm, id=7396, stack(0x000000a56e100000,0x000000a56e200000) (1024K)]

Stack: [0x000000a56e100000,0x000000a56e200000]
Native frames: (J=compiled Java code, j=interpreted, Vv=VM code, C=native code)
V  [jvm.dll+0x6cbf89]
V  [jvm.dll+0x858421]
V  [jvm.dll+0x85a94e]
V  [jvm.dll+0x85b023]
V  [jvm.dll+0x27ebc6]
V  [jvm.dll+0x6c8705]
V  [jvm.dll+0x6bd26a]
V  [jvm.dll+0x354a0a]
V  [jvm.dll+0x35c686]
V  [jvm.dll+0x3af79e]
V  [jvm.dll+0x3afa48]
V  [jvm.dll+0x328d1c]
V  [jvm.dll+0x32987b]
V  [jvm.dll+0x821739]
V  [jvm.dll+0x3bc481]
V  [jvm.dll+0x80a9b8]
V  [jvm.dll+0x45166e]
V  [jvm.dll+0x453261]
C  [jli.dll+0x52a3]
C  [ucrtbase.dll+0x37b0]
C  [KERNEL32.DLL+0x2e8d7]
C  [ntdll.dll+0x8c3fc]


---------------  P R O C E S S  ---------------

Threads class SMR info:
_java_thread_list=0x00007ffd351efc08, length=0, elements={
}

Java Threads: ( => current thread )
Total: 0

Other Threads:
  0x000001c61fdde840 WorkerThread "GC Thread#0"                     [id=4012, stack(0x000000a56e200000,0x000000a56e300000) (1024K)]
  0x000001c61fdf11d0 ConcurrentGCThread "G1 Main Marker"            [id=18652, stack(0x000000a56e300000,0x000000a56e400000) (1024K)]
  0x000001c61fdf1ce0 WorkerThread "G1 Conc#0"                       [id=3668, stack(0x000000a56e400000,0x000000a56e500000) (1024K)]

[error occurred during error reporting (printing all threads), id 0xc0000005, EXCEPTION_ACCESS_VIOLATION (0xc0000005) at pc=0x00007ffd3495b4a7]
VM state: not at safepoint (not fully initialized)

VM Mutex/Monitor currently owned by a thread:  ([mutex/lock_event])
[0x00007ffd35260ef0] Heap_lock - owner thread: 0x000001c61da43780

Heap address: 0x0000000704e00000, size: 4018 MB, Compressed Oops mode: Zero based, Oop shift amount: 3

CDS archive(s) mapped at: [0x0000000000000000-0x0000000000000000-0x0000000000000000), size 0, SharedBaseAddress: 0x0000000800000000, ArchiveRelocationMode: 1.
Narrow klass base: 0x0000000000000000, Narrow klass shift: 0, Narrow klass range: 0x0

GC Precious Log:
 CardTable entry size: 512
 Card Set container configuration: InlinePtr #cards 4 size 8 Array Of Cards #cards 16 size 48 Howl #buckets 8 coarsen threshold 3686 Howl Bitmap #cards 512 size 80 coarsen threshold 460 Card regions per heap region 1 cards per card region 4096

Heap:
 garbage-first heap   total 0K, used 0K [0x0000000704e00000, 0x0000000800000000)
  region size 2048K, 0 young (0K), 0 survivors (0K)

[error occurred during error reporting (printing heap information), id 0xc0000005, EXCEPTION_ACCESS_VIOLATION (0xc0000005) at pc=0x00007ffd34d44ff9]
GC Heap History (0 events):
No events

Dll operation events (1 events):
Event: 0.007 Loaded shared library C:\Program Files\Java\jdk-21\bin\java.dll

Deoptimization events (0 events):
No events

Classes loaded (0 events):
No events

Classes unloaded (0 events):
No events

Classes redefined (0 events):
No events

Internal exceptions (0 events):
No events

ZGC Phase Switch (0 events):
No events

VM Operations (0 events):
No events

Events (0 events):
No events


Dynamic libraries:
0x00007ff686030000 - 0x00007ff686040000 	C:\Program Files\Java\jdk-21\bin\java.exe
0x00007ffe30fe0000 - 0x00007ffe31247000 	C:\WINDOWS\SYSTEM32\ntdll.dll
0x00007ffe2fb70000 - 0x00007ffe2fc39000 	C:\WINDOWS\System32\KERNEL32.DLL
0x00007ffe2de10000 - 0x00007ffe2e204000 	C:\WINDOWS\System32\KERNELBASE.dll
0x00007ffe2da20000 - 0x00007ffe2db6b000 	C:\WINDOWS\System32\ucrtbase.dll
0x00007ffdf8bb0000 - 0x00007ffdf8bc9000 	C:\Program Files\Java\jdk-21\bin\jli.dll
0x00007ffdf8b30000 - 0x00007ffdf8b4b000 	C:\Program Files\Java\jdk-21\bin\VCRUNTIME140.dll
0x00007ffe30840000 - 0x00007ffe308f6000 	C:\WINDOWS\System32\ADVAPI32.dll
0x00007ffe30a30000 - 0x00007ffe30ad9000 	C:\WINDOWS\System32\msvcrt.dll
0x00007ffe2f920000 - 0x00007ffe2f9c7000 	C:\WINDOWS\System32\sechost.dll
0x00007ffe30720000 - 0x00007ffe30838000 	C:\WINDOWS\System32\RPCRT4.dll
0x00007ffe303b0000 - 0x00007ffe30575000 	C:\WINDOWS\System32\USER32.dll
0x00007ffe2ebc0000 - 0x00007ffe2ebe7000 	C:\WINDOWS\System32\win32u.dll
0x00007ffe2fa20000 - 0x00007ffe2fa4b000 	C:\WINDOWS\System32\GDI32.dll
0x00007ffe2db70000 - 0x00007ffe2dc9a000 	C:\WINDOWS\System32\gdi32full.dll
0x00007ffe2d970000 - 0x00007ffe2da13000 	C:\WINDOWS\System32\msvcp_win.dll
0x00007ffe0b8e0000 - 0x00007ffe0bb73000 	C:\WINDOWS\WinSxS\amd64_microsoft.windows.common-controls_6595b64144ccf1df_6.0.26100.8115_none_3e075c82e3354f9c\COMCTL32.dll
0x00007ffe11980000 - 0x00007ffe1198b000 	C:\WINDOWS\SYSTEM32\VERSION.dll
0x00007ffe2f030000 - 0x00007ffe2f062000 	C:\WINDOWS\System32\IMM32.DLL
0x00007ffdf9a20000 - 0x00007ffdf9a2c000 	C:\Program Files\Java\jdk-21\bin\vcruntime140_1.dll
0x00007ffdf89b0000 - 0x00007ffdf8a3e000 	C:\Program Files\Java\jdk-21\bin\msvcp140.dll
0x00007ffd34620000 - 0x00007ffd3533d000 	C:\Program Files\Java\jdk-21\bin\server\jvm.dll
0x00007ffe2f070000 - 0x00007ffe2f0f0000 	C:\WINDOWS\System32\WS2_32.dll
0x00007ffe2d710000 - 0x00007ffe2d76e000 	C:\WINDOWS\SYSTEM32\POWRPROF.dll
0x00007ffe28a70000 - 0x00007ffe28aa6000 	C:\WINDOWS\SYSTEM32\WINMM.dll
0x00007ffe2d6f0000 - 0x00007ffe2d704000 	C:\WINDOWS\SYSTEM32\UMPDC.dll
0x00007ffe2c5a0000 - 0x00007ffe2c5bb000 	C:\WINDOWS\SYSTEM32\kernel.appcore.dll
0x00007ffdf9a00000 - 0x00007ffdf9a0a000 	C:\Program Files\Java\jdk-21\bin\jimage.dll
0x00007ffe2b860000 - 0x00007ffe2baa2000 	C:\WINDOWS\SYSTEM32\DBGHELP.DLL
0x00007ffe2f590000 - 0x00007ffe2f912000 	C:\WINDOWS\System32\combase.dll
0x00007ffe2ed70000 - 0x00007ffe2ee47000 	C:\WINDOWS\System32\OLEAUT32.dll
0x00007ffe28a30000 - 0x00007ffe28a6b000 	C:\WINDOWS\SYSTEM32\dbgcore.DLL
0x00007ffe2eb10000 - 0x00007ffe2ebb5000 	C:\WINDOWS\System32\bcryptPrimitives.dll
0x00007ffdf8b10000 - 0x00007ffdf8b2f000 	C:\Program Files\Java\jdk-21\bin\java.dll

dbghelp: loaded successfully - version: 4.0.5 - missing functions: none
symbol engine: initialized successfully - sym options: 0x614 - pdb path: .;C:\Program Files\Java\jdk-21\bin;C:\WINDOWS\SYSTEM32;C:\WINDOWS\WinSxS\amd64_microsoft.windows.common-controls_6595b64144ccf1df_6.0.26100.8115_none_3e075c82e3354f9c;C:\Program Files\Java\jdk-21\bin\server

VM Arguments:
jvm_args: -Dclassworlds.conf=C:\Users\goura\.m2\wrapper\dists\apache-maven-3.9.14\ed7edd442f634ac1c1ef5ba2b61b6d690b5221091f1a8e1123f5fadcc967520d\bin\m2.conf -Dmaven.home=C:\Users\goura\.m2\wrapper\dists\apache-maven-3.9.14\ed7edd442f634ac1c1ef5ba2b61b6d690b5221091f1a8e1123f5fadcc967520d -Dlibrary.jansi.path=C:\Users\goura\.m2\wrapper\dists\apache-maven-3.9.14\ed7edd442f634ac1c1ef5ba2b61b6d690b5221091f1a8e1123f5fadcc967520d\lib\jansi-native -Dmaven.multiModuleProjectDirectory=C:\Users\goura\Documents\workspace-spring-tools-for-eclipse-5.0.0.RELEASE\agriconnect-backend 
java_command: org.codehaus.plexus.classworlds.launcher.Launcher compile -X
java_class_path (initial): C:\Users\goura\.m2\wrapper\dists\apache-maven-3.9.14\ed7edd442f634ac1c1ef5ba2b61b6d690b5221091f1a8e1123f5fadcc967520d\boot\plexus-classworlds-2.9.0.jar
Launcher Type: SUN_STANDARD

[Global flags]
     intx CICompilerCount                          = 4                                         {product} {ergonomic}
     uint ConcGCThreads                            = 3                                         {product} {ergonomic}
     uint G1ConcRefinementThreads                  = 10                                        {product} {ergonomic}
   size_t G1HeapRegionSize                         = 2097152                                   {product} {ergonomic}
    uintx GCDrainStackTargetSize                   = 64                                        {product} {ergonomic}
   size_t InitialHeapSize                          = 264241152                                 {product} {ergonomic}
   size_t MarkStackSize                            = 4194304                                   {product} {ergonomic}
   size_t MaxHeapSize                              = 4213178368                                {product} {ergonomic}
   size_t MinHeapDeltaBytes                        = 2097152                                   {product} {ergonomic}
   size_t MinHeapSize                              = 8388608                                   {product} {ergonomic}
    uintx NonNMethodCodeHeapSize                   = 5839372                                {pd product} {ergonomic}
    uintx NonProfiledCodeHeapSize                  = 122909434                              {pd product} {ergonomic}
    uintx ProfiledCodeHeapSize                     = 122909434                              {pd product} {ergonomic}
    uintx ReservedCodeCacheSize                    = 251658240                              {pd product} {ergonomic}
     bool SegmentedCodeCache                       = true                                      {product} {ergonomic}
   size_t SoftMaxHeapSize                          = 4213178368                             {manageable} {ergonomic}
     bool UseCompressedOops                        = true                           {product lp64_product} {ergonomic}
     bool UseG1GC                                  = true                                      {product} {ergonomic}
     bool UseLargePagesIndividualAllocation        = false                                  {pd product} {ergonomic}

Logging:
Log output configuration:
 #0: stdout all=warning uptime,level,tags foldmultilines=false
 #1: stderr all=off uptime,level,tags foldmultilines=false

Environment Variables:
PATH=C:\Program Files\Common Files\Oracle\Java\javapath;C:\Program Files (x86)\Common Files\Oracle\Java\java8path;C:\Program Files (x86)\Common Files\Oracle\Java\javapath;C:\WINDOWS\system32;C:\WINDOWS;C:\WINDOWS\System32\Wbem;C:\WINDOWS\System32\WindowsPowerShell\v1.0\;C:\WINDOWS\System32\OpenSSH\;C:\Program Files\dotnet\;C:\Program Files (x86)\NVIDIA Corporation\PhysX\Common;C:\Users\goura\AppData\Local\Muse Hub\lib;C:\WINDOWS\system32;C:\WINDOWS;C:\WINDOWS\System32\Wbem;C:\WINDOWS\System32\WindowsPowerShell\v1.0\;C:\WINDOWS\System32\OpenSSH\;C:\Program Files\nodejs\;C:\Program Files\Git\cmd;C:\Program Files\Git\bin;C:\Program Files\MySQL\MySQL Shell 8.0\bin\;C:\Users\goura\AppData\Local\Programs\Python\Python313\Scripts\;C:\Users\goura\AppData\Local\Programs\Python\Python313\;C:\Users\goura\AppData\Local\Programs\Python\Launcher\;C:\Users\goura\AppData\Local\Microsoft\WindowsApps;C:\Users\goura\AppData\Local\Programs\Microsoft VS Code\bin;C:\Users\goura\AppData\Local\Muse Hub\lib;C:\Program Files\JetBrains\PyCharm 2025.2\bin;C:\Users\goura\AppData\Roaming\npm;C:\Users\goura\AppData\Local\Programs\Antigravity\bin
USERNAME=goura
OS=Windows_NT
PROCESSOR_IDENTIFIER=Intel64 Family 6 Model 186 Stepping 3, GenuineIntel
TMP=C:\Users\goura\AppData\Local\Temp
TEMP=C:\Users\goura\AppData\Local\Temp




Periodic native trim disabled

---------------  S Y S T E M  ---------------

OS:
 Windows 11 , 64 bit Build 26100 (10.0.26100.8115)
OS uptime: 0 days 2:51 hours
Hyper-V role detected

CPU: total 12 (initial active 12) (6 cores per cpu, 2 threads per core) family 6 model 186 stepping 3 microcode 0x6134, cx8, cmov, fxsr, ht, mmx, 3dnowpref, sse, sse2, sse3, ssse3, sse4.1, sse4.2, popcnt, lzcnt, tsc, tscinvbit, avx, avx2, aes, erms, clmul, bmi1, bmi2, adx, sha, fma, vzeroupper, clflush, clflushopt, clwb, hv, serialize, rdtscp, rdpid, fsrm, f16c, cet_ibt, cet_ss
Processor Information for processor 0
  Max Mhz: 1700, Current Mhz: 1700, Mhz Limit: 1700
Processor Information for processor 1
  Max Mhz: 1700, Current Mhz: 1700, Mhz Limit: 1700
Processor Information for processor 2
  Max Mhz: 1700, Current Mhz: 1700, Mhz Limit: 1700
Processor Information for processor 3
  Max Mhz: 1700, Current Mhz: 1700, Mhz Limit: 1700
Processor Information for processor 4
  Max Mhz: 1700, Current Mhz: 1700, Mhz Limit: 1700
Processor Information for processor 5
  Max Mhz: 1700, Current Mhz: 1700, Mhz Limit: 1700
Processor Information for processor 6
  Max Mhz: 1700, Current Mhz: 1700, Mhz Limit: 1700
Processor Information for processor 7
  Max Mhz: 1700, Current Mhz: 1700, Mhz Limit: 1700
Processor Information for processor 8
  Max Mhz: 1700, Current Mhz: 1558, Mhz Limit: 1700
Processor Information for processor 9
  Max Mhz: 1700, Current Mhz: 1558, Mhz Limit: 1700
Processor Information for processor 10
  Max Mhz: 1700, Current Mhz: 1558, Mhz Limit: 1700
Processor Information for processor 11
  Max Mhz: 1700, Current Mhz: 1558, Mhz Limit: 1700

Memory: 4k page, system-wide physical 16068M (1195M free)
TotalPageFile size 19011M (AvailPageFile size 143M)
current process WorkingSet (physical memory assigned to process): 12M, peak: 12M
current process commit charge ("private bytes"): 64M, peak: 316M

vm_info: Java HotSpot(TM) 64-Bit Server VM (21.0.9+7-LTS-338) for windows-amd64 JRE (21.0.9+7-LTS-338), built on 2025-09-26T06:33:49Z by "mach5run" with MS VC++ 17.6 (VS2022)

END.
