#
# There is insufficient memory for the Java Runtime Environment to continue.
# Native memory allocation (malloc) failed to allocate 1130576 bytes. Error detail: Chunk::new
# Possible reasons:
#   The system is out of physical RAM or swap space
#   This process is running with CompressedOops enabled, and the Java Heap may be blocking the growth of the native heap
# Possible solutions:
#   Reduce memory load on the system
#   Increase physical memory or swap space
#   Check if swap backing store is full
#   Decrease Java heap size (-Xmx/-Xms)
#   Decrease number of Java threads
#   Decrease Java thread stack sizes (-Xss)
#   Set larger code cache with -XX:ReservedCodeCacheSize=
#   JVM is running with Unscaled Compressed Oops mode in which the Java heap is
#     placed in the first 4GB address space. The Java Heap base address is the
#     maximum limit for the native heap growth. Please use -XX:HeapBaseMinAddress
#     to set the Java Heap base and to place the Java Heap above 4GB virtual address.
# This output file may be truncated or incomplete.
#
#  Out of Memory Error (arena.cpp:168), pid=25364, tid=27172
#
# JRE version: OpenJDK Runtime Environment Temurin-21.0.10+7 (21.0.10+7) (build 21.0.10+7-LTS)
# Java VM: OpenJDK 64-Bit Server VM Temurin-21.0.10+7 (21.0.10+7-LTS, mixed mode, sharing, tiered, compressed oops, compressed class ptrs, parallel gc, windows-amd64)
# No core dump will be written. Minidumps are not enabled by default on client versions of Windows
#

---------------  S U M M A R Y ------------

Command Line: --add-modules=ALL-SYSTEM --add-opens=java.base/java.util=ALL-UNNAMED --add-opens=java.base/java.lang=ALL-UNNAMED --add-opens=java.base/sun.nio.fs=ALL-UNNAMED -Declipse.application=org.eclipse.jdt.ls.core.id1 -Dosgi.bundles.defaultStartLevel=4 -Declipse.product=org.eclipse.jdt.ls.core.product -Djava.import.generatesMetadataFilesAtProjectRoot=false -DDetectVMInstallationsJob.disabled=true -Dfile.encoding=utf8 -XX:+UseParallelGC -XX:GCTimeRatio=4 -XX:AdaptiveSizePolicyWeight=90 -Dsun.zip.disableMemoryMapping=true -Xmx2G -Xms100m -Xlog:disable -javaagent:c:\Users\goura\.antigravity\extensions\redhat.java-1.53.0-win32-x64\lombok\lombok-1.18.39-4050.jar -XX:+HeapDumpOnOutOfMemoryError -XX:HeapDumpPath=c:\Users\goura\AppData\Roaming\Antigravity\User\workspaceStorage\3a9f633a864b7f7e5040206e595dc496\redhat.java -Daether.dependencyCollector.impl=bf c:\Users\goura\.antigravity\extensions\redhat.java-1.53.0-win32-x64\server\plugins\org.eclipse.equinox.launcher_1.7.100.v20251111-0406.jar -configuration c:\Users\goura\AppData\Roaming\Antigravity\User\globalStorage\redhat.java\1.53.0\config_win -data c:\Users\goura\AppData\Roaming\Antigravity\User\workspaceStorage\3a9f633a864b7f7e5040206e595dc496\redhat.java\jdt_ws --pipe=\\.\pipe\lsp-eb60bf0a139df83eed458538ddebe4ed-sock

Host: 13th Gen Intel(R) Core(TM) i7-1355U, 12 cores, 15G,  Windows 11 , 64 bit Build 26100 (10.0.26100.8115)
Time: Wed Apr  8 21:09:52 2026 India Standard Time elapsed time: 16.432266 seconds (0d 0h 0m 16s)

---------------  T H R E A D  ---------------

Current thread (0x0000017ee32dc9c0):  JavaThread "C2 CompilerThread2" daemon [_thread_in_native, id=27172, stack(0x000000040bd00000,0x000000040be00000) (1024K)]


Current CompileTask:
C2:16432 5144       4       org.eclipse.osgi.internal.serviceregistry.ServiceRegistry::notifyHooksPrivileged (57 bytes)

Stack: [0x000000040bd00000,0x000000040be00000]
Native frames: (J=compiled Java code, j=interpreted, Vv=VM code, C=native code)
V  [jvm.dll+0x6d7a39]
V  [jvm.dll+0x8b4b26]
V  [jvm.dll+0x8b70de]
V  [jvm.dll+0x8b77c3]
V  [jvm.dll+0x284346]
V  [jvm.dll+0xc66ed]
V  [jvm.dll+0xc6c31]
V  [jvm.dll+0x3bec01]
V  [jvm.dll+0x38b162]
V  [jvm.dll+0x38a5aa]
V  [jvm.dll+0x24c560]
V  [jvm.dll+0x24bb40]
V  [jvm.dll+0x1cb34e]
V  [jvm.dll+0x25b85d]
V  [jvm.dll+0x259dea]
V  [jvm.dll+0x3f857e]
V  [jvm.dll+0x85f59d]
V  [jvm.dll+0x6d626d]
C  [ucrtbase.dll+0x37b0]
C  [KERNEL32.DLL+0x2e8d7]
C  [ntdll.dll+0x8c3fc]


---------------  P R O C E S S  ---------------

Threads class SMR info:
_java_thread_list=0x0000017eebc712e0, length=44, elements={
0x0000017ec92585b0, 0x0000017ecb663390, 0x0000017ecb56c460, 0x0000017ecb667eb0,
0x0000017ecb668d20, 0x0000017ecb66ceb0, 0x0000017ecb66d520, 0x0000017ecb66ef90,
0x0000017ee32da0e0, 0x0000017ee3554970, 0x0000017ee36011e0, 0x0000017ee4913e20,
0x0000017ee46d3720, 0x0000017ee91ff470, 0x0000017ee4887370, 0x0000017ee98249a0,
0x0000017ee93d9a70, 0x0000017ee4991080, 0x0000017ee44e6660, 0x0000017ee44e6cf0,
0x0000017ee44e4590, 0x0000017ee44e4c20, 0x0000017ee32db550, 0x0000017ee32dc9c0,
0x0000017ee44e52b0, 0x0000017ee44e5940, 0x0000017ee44e5fd0, 0x0000017ee9cad8f0,
0x0000017ee9cad260, 0x0000017ee9cadf80, 0x0000017ee9cab190, 0x0000017ee9cac540,
0x0000017ee9caeca0, 0x0000017ee9cab820, 0x0000017ee9cae610, 0x0000017ee9caf330,
0x0000017ee9cacbd0, 0x0000017ee9cabeb0, 0x0000017ee9cb0050, 0x0000017ee9caf9c0,
0x0000017ee9cb06e0, 0x0000017ee9cb2120, 0x0000017ee9cb0d70, 0x0000017ee9cb1400
}

Java Threads: ( => current thread )
  0x0000017ec92585b0 JavaThread "main"                              [_thread_in_native, id=26196, stack(0x0000000409a00000,0x0000000409b00000) (1024K)]
  0x0000017ecb663390 JavaThread "Reference Handler"          daemon [_thread_blocked, id=25328, stack(0x0000000409e00000,0x0000000409f00000) (1024K)]
  0x0000017ecb56c460 JavaThread "Finalizer"                  daemon [_thread_blocked, id=7196, stack(0x0000000409f00000,0x000000040a000000) (1024K)]
  0x0000017ecb667eb0 JavaThread "Signal Dispatcher"          daemon [_thread_blocked, id=18208, stack(0x000000040a000000,0x000000040a100000) (1024K)]
  0x0000017ecb668d20 JavaThread "Attach Listener"            daemon [_thread_blocked, id=14340, stack(0x000000040a100000,0x000000040a200000) (1024K)]
  0x0000017ecb66ceb0 JavaThread "Service Thread"             daemon [_thread_blocked, id=10424, stack(0x000000040a200000,0x000000040a300000) (1024K)]
  0x0000017ecb66d520 JavaThread "Monitor Deflation Thread"   daemon [_thread_blocked, id=22640, stack(0x000000040a300000,0x000000040a400000) (1024K)]
  0x0000017ecb66ef90 JavaThread "C2 CompilerThread0"         daemon [_thread_in_native, id=15996, stack(0x000000040a400000,0x000000040a500000) (1024K)]
  0x0000017ee32da0e0 JavaThread "C1 CompilerThread0"         daemon [_thread_in_native, id=10776, stack(0x000000040a500000,0x000000040a600000) (1024K)]
  0x0000017ee3554970 JavaThread "Common-Cleaner"             daemon [_thread_blocked, id=4536, stack(0x000000040a600000,0x000000040a700000) (1024K)]
  0x0000017ee36011e0 JavaThread "Notification Thread"        daemon [_thread_blocked, id=21860, stack(0x000000040a700000,0x000000040a800000) (1024K)]
  0x0000017ee4913e20 JavaThread "Active Thread: Equinox Container: 16c261e6-57fc-4f7f-9186-c4657d325345"        [_thread_blocked, id=27100, stack(0x000000040b000000,0x000000040b100000) (1024K)]
  0x0000017ee46d3720 JavaThread "Refresh Thread: Equinox Container: 16c261e6-57fc-4f7f-9186-c4657d325345" daemon [_thread_blocked, id=27212, stack(0x000000040b200000,0x000000040b300000) (1024K)]
  0x0000017ee91ff470 JavaThread "Framework Event Dispatcher: Equinox Container: 16c261e6-57fc-4f7f-9186-c4657d325345" daemon [_thread_blocked, id=27312, stack(0x000000040a800000,0x000000040a900000) (1024K)]
  0x0000017ee4887370 JavaThread "Start Level: Equinox Container: 16c261e6-57fc-4f7f-9186-c4657d325345" daemon [_thread_blocked, id=27324, stack(0x000000040a900000,0x000000040aa00000) (1024K)]
  0x0000017ee98249a0 JavaThread "Bundle File Closer"         daemon [_thread_blocked, id=27572, stack(0x000000040b700000,0x000000040b800000) (1024K)]
  0x0000017ee93d9a70 JavaThread "SCR Component Actor"        daemon [_thread_blocked, id=27044, stack(0x000000040b300000,0x000000040b400000) (1024K)]
  0x0000017ee4991080 JavaThread "Worker-JM"                         [_thread_blocked, id=25800, stack(0x000000040b900000,0x000000040ba00000) (1024K)]
  0x0000017ee44e6660 JavaThread "JNA Cleaner"                daemon [_thread_blocked, id=25184, stack(0x000000040b400000,0x000000040b500000) (1024K)]
  0x0000017ee44e6cf0 JavaThread "Worker-0"                          [_thread_blocked, id=4476, stack(0x000000040b800000,0x000000040b900000) (1024K)]
  0x0000017ee44e4590 JavaThread "Worker-1: Building"                [_thread_in_Java, id=24612, stack(0x000000040ba00000,0x000000040bb00000) (1024K)]
  0x0000017ee44e4c20 JavaThread "Worker-2: Repository registry initialization"        [_thread_in_native, id=22380, stack(0x000000040bb00000,0x000000040bc00000) (1024K)]
  0x0000017ee32db550 JavaThread "C2 CompilerThread1"         daemon [_thread_in_native, id=27548, stack(0x000000040bc00000,0x000000040bd00000) (1024K)]
=>0x0000017ee32dc9c0 JavaThread "C2 CompilerThread2"         daemon [_thread_in_native, id=27172, stack(0x000000040bd00000,0x000000040be00000) (1024K)]
  0x0000017ee44e52b0 JavaThread "Java indexing"              daemon [_thread_in_vm, id=5268, stack(0x000000040be00000,0x000000040bf00000) (1024K)]
  0x0000017ee44e5940 JavaThread "Worker-3"                          [_thread_blocked, id=20820, stack(0x000000040bf00000,0x000000040c000000) (1024K)]
  0x0000017ee44e5fd0 JavaThread "Worker-4"                          [_thread_blocked, id=25400, stack(0x000000040c000000,0x000000040c100000) (1024K)]
  0x0000017ee9cad8f0 JavaThread "Worker-5: Java indexing... "        [_thread_blocked, id=8676, stack(0x000000040c300000,0x000000040c400000) (1024K)]
  0x0000017ee9cad260 JavaThread "Thread-1"                   daemon [_thread_in_native, id=27620, stack(0x000000040c400000,0x000000040c500000) (1024K)]
  0x0000017ee9cadf80 JavaThread "Thread-2"                   daemon [_thread_in_native, id=26376, stack(0x000000040c500000,0x000000040c600000) (1024K)]
  0x0000017ee9cab190 JavaThread "Thread-3"                   daemon [_thread_in_native, id=3772, stack(0x000000040c600000,0x000000040c700000) (1024K)]
  0x0000017ee9cac540 JavaThread "Thread-4"                   daemon [_thread_in_native, id=20964, stack(0x000000040c700000,0x000000040c800000) (1024K)]
  0x0000017ee9caeca0 JavaThread "Thread-5"                   daemon [_thread_in_native, id=17476, stack(0x000000040c800000,0x000000040c900000) (1024K)]
  0x0000017ee9cab820 JavaThread "Thread-6"                   daemon [_thread_in_native, id=5796, stack(0x000000040c900000,0x000000040ca00000) (1024K)]
  0x0000017ee9cae610 JavaThread "Thread-7"                   daemon [_thread_in_native, id=17876, stack(0x000000040ca00000,0x000000040cb00000) (1024K)]
  0x0000017ee9caf330 JavaThread "Thread-8"                   daemon [_thread_in_native, id=13604, stack(0x000000040cb00000,0x000000040cc00000) (1024K)]
  0x0000017ee9cacbd0 JavaThread "Thread-9"                   daemon [_thread_in_native, id=11052, stack(0x000000040cc00000,0x000000040cd00000) (1024K)]
  0x0000017ee9cabeb0 JavaThread "Thread-10"                  daemon [_thread_in_native, id=24884, stack(0x000000040cd00000,0x000000040ce00000) (1024K)]
  0x0000017ee9cb0050 JavaThread "Thread-11"                  daemon [_thread_in_native, id=13908, stack(0x000000040ce00000,0x000000040cf00000) (1024K)]
  0x0000017ee9caf9c0 JavaThread "Thread-12"                  daemon [_thread_in_native, id=21988, stack(0x000000040cf00000,0x000000040d000000) (1024K)]
  0x0000017ee9cb06e0 JavaThread "Thread-13"                  daemon [_thread_in_native, id=4396, stack(0x000000040d000000,0x000000040d100000) (1024K)]
  0x0000017ee9cb2120 JavaThread "pool-2-thread-1"                   [_thread_blocked, id=10276, stack(0x000000040d100000,0x000000040d200000) (1024K)]
  0x0000017ee9cb0d70 JavaThread "WorkspaceEventsHandler"            [_thread_blocked, id=23052, stack(0x000000040d200000,0x000000040d300000) (1024K)]
  0x0000017ee9cb1400 JavaThread "pool-1-thread-1"                   [_thread_in_Java, id=15020, stack(0x000000040d300000,0x000000040d400000) (1024K)]
Total: 44

Other Threads:
  0x0000017ecb554970 VMThread "VM Thread"                           [id=12360, stack(0x0000000409d00000,0x0000000409e00000) (1024K)]
  0x0000017ecb44ca00 WatcherThread "VM Periodic Task Thread"        [id=25592, stack(0x0000000409c00000,0x0000000409d00000) (1024K)]
  0x0000017ecb5db590 WorkerThread "GC Thread#0"                     [id=25536, stack(0x0000000409b00000,0x0000000409c00000) (1024K)]
  0x0000017ee4954660 WorkerThread "GC Thread#1"                     [id=26852, stack(0x000000040aa00000,0x000000040ab00000) (1024K)]
  0x0000017ee43a74c0 WorkerThread "GC Thread#2"                     [id=26856, stack(0x000000040ab00000,0x000000040ac00000) (1024K)]
  0x0000017ee43a7870 WorkerThread "GC Thread#3"                     [id=26860, stack(0x000000040ac00000,0x000000040ad00000) (1024K)]
  0x0000017ee4963370 WorkerThread "GC Thread#4"                     [id=26864, stack(0x000000040ad00000,0x000000040ae00000) (1024K)]
  0x0000017ee4963720 WorkerThread "GC Thread#5"                     [id=26868, stack(0x000000040ae00000,0x000000040af00000) (1024K)]
  0x0000017ee4963ad0 WorkerThread "GC Thread#6"                     [id=26872, stack(0x000000040af00000,0x000000040b000000) (1024K)]
  0x0000017ee46d2730 WorkerThread "GC Thread#7"                     [id=27192, stack(0x000000040b100000,0x000000040b200000) (1024K)]
  0x0000017ee96f4940 WorkerThread "GC Thread#8"                     [id=27560, stack(0x000000040b500000,0x000000040b600000) (1024K)]
  0x0000017ee907b430 WorkerThread "GC Thread#9"                     [id=27564, stack(0x000000040b600000,0x000000040b700000) (1024K)]
Total: 12

Threads with active compile tasks:
C2 CompilerThread0  16501 5200   !   4       org.eclipse.osgi.internal.loader.classpath.ClasspathManager::findLocalClass (210 bytes)
C1 CompilerThread0  16502 5395       3       java.lang.invoke.AbstractValidatingLambdaMetafactory::validateMetafactoryArgs (607 bytes)
C2 CompilerThread1  16502 5393       4       jdk.internal.jimage.ImageReader$SharedImageReader::makeDirectories (54 bytes)
C2 CompilerThread2  16503 5144       4       org.eclipse.osgi.internal.serviceregistry.ServiceRegistry::notifyHooksPrivileged (57 bytes)
Total: 4

VM state: not at safepoint (normal execution)

VM Mutex/Monitor currently owned by a thread: None

Heap address: 0x0000000080000000, size: 2048 MB, Compressed Oops mode: 32-bit

CDS archive(s) mapped at: [0x0000017e80000000-0x0000017e80ba0000-0x0000017e80ba0000), size 12189696, SharedBaseAddress: 0x0000017e80000000, ArchiveRelocationMode: 1.
Compressed class space mapped at: 0x0000017e81000000-0x0000017ec1000000, reserved size: 1073741824
Narrow klass base: 0x0000017e80000000, Narrow klass shift: 0, Narrow klass range: 0x100000000

GC Precious Log:
 CardTable entry size: 512
 CPUs: 12 total, 12 available
 Memory: 16068M
 Large Page Support: Disabled
 NUMA Support: Disabled
 Compressed Oops: Enabled (32-bit)
 Alignments: Space 512K, Generation 512K, Heap 2M
 Heap Min Capacity: 100M
 Heap Initial Capacity: 100M
 Heap Max Capacity: 2G
 Pre-touch: Disabled
 Parallel Workers: 10

Heap:
 PSYoungGen      total 25600K, used 24128K [0x00000000d5580000, 0x00000000d7900000, 0x0000000100000000)
  eden space 22016K, 99% used [0x00000000d5580000,0x00000000d6aead00,0x00000000d6b00000)
  from space 3584K, 61% used [0x00000000d6b00000,0x00000000d6d25380,0x00000000d6e80000)
  to   space 2560K, 0% used [0x00000000d7680000,0x00000000d7680000,0x00000000d7900000)
 ParOldGen       total 68608K, used 22150K [0x0000000080000000, 0x0000000084300000, 0x00000000d5580000)
  object space 68608K, 32% used [0x0000000080000000,0x00000000815a1ba8,0x0000000084300000)
 Metaspace       used 40837K, committed 42048K, reserved 1114112K
  class space    used 4366K, committed 4928K, reserved 1048576K

Card table byte_map: [0x0000017ecaf60000,0x0000017ecb370000] _byte_map_base: 0x0000017ecab60000

Marking Bits: (ParMarkBitMap*) 0x00007ffd371c3450
 Begin Bits: [0x0000017edda70000, 0x0000017edfa70000)
 End Bits:   [0x0000017edfa70000, 0x0000017ee1a70000)

Polling page: 0x0000017ec98c0000

Metaspace:

Usage:
  Non-class:     35.62 MB used.
      Class:      4.26 MB used.
       Both:     39.88 MB used.

Virtual space:
  Non-class space:       64.00 MB reserved,      36.25 MB ( 57%) committed,  1 nodes.
      Class space:        1.00 GB reserved,       4.81 MB ( <1%) committed,  1 nodes.
             Both:        1.06 GB reserved,      41.06 MB (  4%) committed. 

Chunk freelists:
   Non-Class:  11.27 MB
       Class:  11.09 MB
        Both:  22.36 MB

MaxMetaspaceSize: unlimited
CompressedClassSpaceSize: 1.00 GB
Initial GC threshold: 21.00 MB
Current GC threshold: 58.88 MB
CDS: on
 - commit_granule_bytes: 65536.
 - commit_granule_words: 8192.
 - virtual_space_node_default_size: 8388608.
 - enlarge_chunks_in_place: 1.
 - use_allocation_guard: 0.


Internal statistics:

num_allocs_failed_limit: 12.
num_arena_births: 938.
num_arena_deaths: 14.
num_vsnodes_births: 2.
num_vsnodes_deaths: 0.
num_space_committed: 657.
num_space_uncommitted: 0.
num_chunks_returned_to_freelist: 26.
num_chunks_taken_from_freelist: 2855.
num_chunk_merges: 16.
num_chunk_splits: 1710.
num_chunks_enlarged: 880.
num_inconsistent_stats: 0.

CodeHeap 'non-profiled nmethods': size=120000Kb used=2168Kb max_used=2207Kb free=117831Kb
 bounds [0x0000017ed6290000, 0x0000017ed6500000, 0x0000017edd7c0000]
CodeHeap 'profiled nmethods': size=120000Kb used=9560Kb max_used=9909Kb free=110439Kb
 bounds [0x0000017ece7c0000, 0x0000017ecf170000, 0x0000017ed5cf0000]
CodeHeap 'non-nmethods': size=5760Kb used=1368Kb max_used=1428Kb free=4391Kb
 bounds [0x0000017ed5cf0000, 0x0000017ed5f60000, 0x0000017ed6290000]
CodeCache: size=245760Kb, used=13096Kb, max_used=13544Kb, free=232661Kb
 total_blobs=5438, nmethods=4771, adapters=572, full_count=0
Compilation: enabled, stopped_count=0, restarted_count=0

Compilation events (20 events):
Event: 15.412 Thread 0x0000017ee32da0e0 5373       3       java.nio.DirectByteBuffer::<init> (60 bytes)
Event: 15.413 Thread 0x0000017ee32da0e0 nmethod 5373 0x0000017ece7f2610 code [0x0000017ece7f27e0, 0x0000017ece7f2bc8]
Event: 15.413 Thread 0x0000017ee32da0e0 5376       3       java.util.TimSort::sort (229 bytes)
Event: 15.414 Thread 0x0000017ee32da0e0 nmethod 5376 0x0000017eceb52390 code [0x0000017eceb525e0, 0x0000017eceb52ce0]
Event: 15.414 Thread 0x0000017ee32da0e0 5374       3       java.nio.DirectByteBufferR::<init> (25 bytes)
Event: 15.414 Thread 0x0000017ee32da0e0 nmethod 5374 0x0000017ece7f2210 code [0x0000017ece7f23c0, 0x0000017ece7f2540]
Event: 15.414 Thread 0x0000017ee32da0e0 5370       3       jdk.internal.jimage.ImageReader$Directory::create (21 bytes)
Event: 15.415 Thread 0x0000017ee32da0e0 nmethod 5370 0x0000017eceb51490 code [0x0000017eceb516c0, 0x0000017eceb51fc0]
Event: 15.415 Thread 0x0000017ee32da0e0 5364       1       jdk.internal.jimage.ImageReader$Node::setCompleted (6 bytes)
Event: 15.415 Thread 0x0000017ee32da0e0 nmethod 5364 0x0000017ed62eb490 code [0x0000017ed62eb620, 0x0000017ed62eb6f0]
Event: 15.415 Thread 0x0000017ee32da0e0 5371       3       jdk.internal.jimage.ImageReader$Directory::<init> (18 bytes)
Event: 15.416 Thread 0x0000017ee32da0e0 nmethod 5371 0x0000017eceb50810 code [0x0000017eceb50a20, 0x0000017eceb511e8]
Event: 15.416 Thread 0x0000017ee32da0e0 5368       1       org.eclipse.core.runtime.Status::getSeverity (5 bytes)
Event: 15.416 Thread 0x0000017ee32da0e0 nmethod 5368 0x0000017ed62eb190 code [0x0000017ed62eb320, 0x0000017ed62eb3e8]
Event: 15.416 Thread 0x0000017ee32da0e0 5338       3       java.lang.invoke.MethodHandles$Lookup::getDirectConstructor (10 bytes)
Event: 15.416 Thread 0x0000017ee32da0e0 nmethod 5338 0x0000017ece7f1e90 code [0x0000017ece7f2040, 0x0000017ece7f2180]
Event: 15.416 Thread 0x0000017ee32da0e0 5375       1       org.eclipse.jdt.internal.compiler.impl.CompilerOptions::getFirstSupportedJdkLevel (4 bytes)
Event: 15.417 Thread 0x0000017ee32da0e0 nmethod 5375 0x0000017ed62eae90 code [0x0000017ed62eb020, 0x0000017ed62eb0d0]
Event: 15.417 Thread 0x0000017ee32da0e0 5344       1       org.eclipse.core.internal.jobs.InternalJob::next (5 bytes)
Event: 15.417 Thread 0x0000017ee32da0e0 nmethod 5344 0x0000017ed62eab90 code [0x0000017ed62ead20, 0x0000017ed62eade8]

GC Heap History (20 events):
Event: 9.649 GC heap before
{Heap before GC invocations=10 (full 1):
 PSYoungGen      total 26624K, used 26617K [0x00000000d5580000, 0x00000000d7500000, 0x0000000100000000)
  eden space 24064K, 100% used [0x00000000d5580000,0x00000000d6d00000,0x00000000d6d00000)
  from space 2560K, 99% used [0x00000000d7280000,0x00000000d74fe4e0,0x00000000d7500000)
  to   space 3584K, 0% used [0x00000000d6e00000,0x00000000d6e00000,0x00000000d7180000)
 ParOldGen       total 68608K, used 13217K [0x0000000080000000, 0x0000000084300000, 0x00000000d5580000)
  object space 68608K, 19% used [0x0000000080000000,0x0000000080ce8568,0x0000000084300000)
 Metaspace       used 26020K, committed 26880K, reserved 1114112K
  class space    used 2649K, committed 3008K, reserved 1048576K
}
Event: 9.654 GC heap after
{Heap after GC invocations=10 (full 1):
 PSYoungGen      total 27136K, used 3248K [0x00000000d5580000, 0x00000000d7380000, 0x0000000100000000)
  eden space 23552K, 0% used [0x00000000d5580000,0x00000000d5580000,0x00000000d6c80000)
  from space 3584K, 90% used [0x00000000d6e00000,0x00000000d712c1c0,0x00000000d7180000)
  to   space 2048K, 0% used [0x00000000d7180000,0x00000000d7180000,0x00000000d7380000)
 ParOldGen       total 68608K, used 13217K [0x0000000080000000, 0x0000000084300000, 0x00000000d5580000)
  object space 68608K, 19% used [0x0000000080000000,0x0000000080ce8568,0x0000000084300000)
 Metaspace       used 26020K, committed 26880K, reserved 1114112K
  class space    used 2649K, committed 3008K, reserved 1048576K
}
Event: 10.068 GC heap before
{Heap before GC invocations=11 (full 1):
 PSYoungGen      total 27136K, used 26800K [0x00000000d5580000, 0x00000000d7380000, 0x0000000100000000)
  eden space 23552K, 100% used [0x00000000d5580000,0x00000000d6c80000,0x00000000d6c80000)
  from space 3584K, 90% used [0x00000000d6e00000,0x00000000d712c1c0,0x00000000d7180000)
  to   space 2048K, 0% used [0x00000000d7180000,0x00000000d7180000,0x00000000d7380000)
 ParOldGen       total 68608K, used 13217K [0x0000000080000000, 0x0000000084300000, 0x00000000d5580000)
  object space 68608K, 19% used [0x0000000080000000,0x0000000080ce8568,0x0000000084300000)
 Metaspace       used 27990K, committed 28992K, reserved 1114112K
  class space    used 2815K, committed 3264K, reserved 1048576K
}
Event: 10.071 GC heap after
{Heap after GC invocations=11 (full 1):
 PSYoungGen      total 25088K, used 1883K [0x00000000d5580000, 0x00000000d7380000, 0x0000000100000000)
  eden space 23040K, 0% used [0x00000000d5580000,0x00000000d5580000,0x00000000d6c00000)
  from space 2048K, 91% used [0x00000000d7180000,0x00000000d7356da0,0x00000000d7380000)
  to   space 2560K, 0% used [0x00000000d6e80000,0x00000000d6e80000,0x00000000d7100000)
 ParOldGen       total 68608K, used 14968K [0x0000000080000000, 0x0000000084300000, 0x00000000d5580000)
  object space 68608K, 21% used [0x0000000080000000,0x0000000080e9e260,0x0000000084300000)
 Metaspace       used 27990K, committed 28992K, reserved 1114112K
  class space    used 2815K, committed 3264K, reserved 1048576K
}
Event: 10.627 GC heap before
{Heap before GC invocations=12 (full 1):
 PSYoungGen      total 25088K, used 24923K [0x00000000d5580000, 0x00000000d7380000, 0x0000000100000000)
  eden space 23040K, 100% used [0x00000000d5580000,0x00000000d6c00000,0x00000000d6c00000)
  from space 2048K, 91% used [0x00000000d7180000,0x00000000d7356da0,0x00000000d7380000)
  to   space 2560K, 0% used [0x00000000d6e80000,0x00000000d6e80000,0x00000000d7100000)
 ParOldGen       total 68608K, used 14985K [0x0000000080000000, 0x0000000084300000, 0x00000000d5580000)
  object space 68608K, 21% used [0x0000000080000000,0x0000000080ea25a0,0x0000000084300000)
 Metaspace       used 30741K, committed 31744K, reserved 1114112K
  class space    used 3160K, committed 3584K, reserved 1048576K
}
Event: 10.630 GC heap after
{Heap after GC invocations=12 (full 1):
 PSYoungGen      total 24576K, used 1489K [0x00000000d5580000, 0x00000000d7200000, 0x0000000100000000)
  eden space 23040K, 0% used [0x00000000d5580000,0x00000000d5580000,0x00000000d6c00000)
  from space 1536K, 96% used [0x00000000d6e80000,0x00000000d6ff45d8,0x00000000d7000000)
  to   space 2048K, 0% used [0x00000000d7000000,0x00000000d7000000,0x00000000d7200000)
 ParOldGen       total 68608K, used 16612K [0x0000000080000000, 0x0000000084300000, 0x00000000d5580000)
  object space 68608K, 24% used [0x0000000080000000,0x00000000810393c8,0x0000000084300000)
 Metaspace       used 30741K, committed 31744K, reserved 1114112K
  class space    used 3160K, committed 3584K, reserved 1048576K
}
Event: 10.985 GC heap before
{Heap before GC invocations=13 (full 1):
 PSYoungGen      total 24576K, used 24529K [0x00000000d5580000, 0x00000000d7200000, 0x0000000100000000)
  eden space 23040K, 100% used [0x00000000d5580000,0x00000000d6c00000,0x00000000d6c00000)
  from space 1536K, 96% used [0x00000000d6e80000,0x00000000d6ff45d8,0x00000000d7000000)
  to   space 2048K, 0% used [0x00000000d7000000,0x00000000d7000000,0x00000000d7200000)
 ParOldGen       total 68608K, used 16619K [0x0000000080000000, 0x0000000084300000, 0x00000000d5580000)
  object space 68608K, 24% used [0x0000000080000000,0x000000008103afa8,0x0000000084300000)
 Metaspace       used 33421K, committed 34432K, reserved 1114112K
  class space    used 3469K, committed 3904K, reserved 1048576K
}
Event: 10.988 GC heap after
{Heap after GC invocations=13 (full 1):
 PSYoungGen      total 24064K, used 1482K [0x00000000d5580000, 0x00000000d7180000, 0x0000000100000000)
  eden space 22528K, 0% used [0x00000000d5580000,0x00000000d5580000,0x00000000d6b80000)
  from space 1536K, 96% used [0x00000000d7000000,0x00000000d7172a80,0x00000000d7180000)
  to   space 1536K, 0% used [0x00000000d6e80000,0x00000000d6e80000,0x00000000d7000000)
 ParOldGen       total 68608K, used 17688K [0x0000000080000000, 0x0000000084300000, 0x00000000d5580000)
  object space 68608K, 25% used [0x0000000080000000,0x0000000081146388,0x0000000084300000)
 Metaspace       used 33421K, committed 34432K, reserved 1114112K
  class space    used 3469K, committed 3904K, reserved 1048576K
}
Event: 11.276 GC heap before
{Heap before GC invocations=14 (full 1):
 PSYoungGen      total 24064K, used 18091K [0x00000000d5580000, 0x00000000d7180000, 0x0000000100000000)
  eden space 22528K, 73% used [0x00000000d5580000,0x00000000d65b84b0,0x00000000d6b80000)
  from space 1536K, 96% used [0x00000000d7000000,0x00000000d7172a80,0x00000000d7180000)
  to   space 1536K, 0% used [0x00000000d6e80000,0x00000000d6e80000,0x00000000d7000000)
 ParOldGen       total 68608K, used 17688K [0x0000000080000000, 0x0000000084300000, 0x00000000d5580000)
  object space 68608K, 25% used [0x0000000080000000,0x0000000081146388,0x0000000084300000)
 Metaspace       used 34831K, committed 35904K, reserved 1114112K
  class space    used 3649K, committed 4096K, reserved 1048576K
}
Event: 11.283 GC heap after
{Heap after GC invocations=14 (full 1):
 PSYoungGen      total 24064K, used 1041K [0x00000000d5580000, 0x00000000d7080000, 0x0000000100000000)
  eden space 22528K, 0% used [0x00000000d5580000,0x00000000d5580000,0x00000000d6b80000)
  from space 1536K, 67% used [0x00000000d6e80000,0x00000000d6f846e0,0x00000000d7000000)
  to   space 512K, 0% used [0x00000000d7000000,0x00000000d7000000,0x00000000d7080000)
 ParOldGen       total 68608K, used 18828K [0x0000000080000000, 0x0000000084300000, 0x00000000d5580000)
  object space 68608K, 27% used [0x0000000080000000,0x0000000081263360,0x0000000084300000)
 Metaspace       used 34831K, committed 35904K, reserved 1114112K
  class space    used 3649K, committed 4096K, reserved 1048576K
}
Event: 11.343 GC heap before
{Heap before GC invocations=15 (full 1):
 PSYoungGen      total 24064K, used 4487K [0x00000000d5580000, 0x00000000d7080000, 0x0000000100000000)
  eden space 22528K, 15% used [0x00000000d5580000,0x00000000d58dd870,0x00000000d6b80000)
  from space 1536K, 67% used [0x00000000d6e80000,0x00000000d6f846e0,0x00000000d7000000)
  to   space 512K, 0% used [0x00000000d7000000,0x00000000d7000000,0x00000000d7080000)
 ParOldGen       total 68608K, used 18828K [0x0000000080000000, 0x0000000084300000, 0x00000000d5580000)
  object space 68608K, 27% used [0x0000000080000000,0x0000000081263360,0x0000000084300000)
 Metaspace       used 35135K, committed 36160K, reserved 1114112K
  class space    used 3684K, committed 4160K, reserved 1048576K
}
Event: 11.345 GC heap after
{Heap after GC invocations=15 (full 1):
 PSYoungGen      total 23040K, used 504K [0x00000000d5580000, 0x00000000d7080000, 0x0000000100000000)
  eden space 22528K, 0% used [0x00000000d5580000,0x00000000d5580000,0x00000000d6b80000)
  from space 512K, 98% used [0x00000000d7000000,0x00000000d707e0b8,0x00000000d7080000)
  to   space 1536K, 0% used [0x00000000d6d80000,0x00000000d6d80000,0x00000000d6f00000)
 ParOldGen       total 68608K, used 19685K [0x0000000080000000, 0x0000000084300000, 0x00000000d5580000)
  object space 68608K, 28% used [0x0000000080000000,0x0000000081339510,0x0000000084300000)
 Metaspace       used 35135K, committed 36160K, reserved 1114112K
  class space    used 3684K, committed 4160K, reserved 1048576K
}
Event: 11.345 GC heap before
{Heap before GC invocations=16 (full 2):
 PSYoungGen      total 23040K, used 504K [0x00000000d5580000, 0x00000000d7080000, 0x0000000100000000)
  eden space 22528K, 0% used [0x00000000d5580000,0x00000000d5580000,0x00000000d6b80000)
  from space 512K, 98% used [0x00000000d7000000,0x00000000d707e0b8,0x00000000d7080000)
  to   space 1536K, 0% used [0x00000000d6d80000,0x00000000d6d80000,0x00000000d6f00000)
 ParOldGen       total 68608K, used 19685K [0x0000000080000000, 0x0000000084300000, 0x00000000d5580000)
  object space 68608K, 28% used [0x0000000080000000,0x0000000081339510,0x0000000084300000)
 Metaspace       used 35135K, committed 36160K, reserved 1114112K
  class space    used 3684K, committed 4160K, reserved 1048576K
}
Event: 11.392 GC heap after
{Heap after GC invocations=16 (full 2):
 PSYoungGen      total 23040K, used 0K [0x00000000d5580000, 0x00000000d7080000, 0x0000000100000000)
  eden space 22528K, 0% used [0x00000000d5580000,0x00000000d5580000,0x00000000d6b80000)
  from space 512K, 0% used [0x00000000d7000000,0x00000000d7000000,0x00000000d7080000)
  to   space 1536K, 0% used [0x00000000d6d80000,0x00000000d6d80000,0x00000000d6f00000)
 ParOldGen       total 68608K, used 19120K [0x0000000080000000, 0x0000000084300000, 0x00000000d5580000)
  object space 68608K, 27% used [0x0000000080000000,0x00000000812ac238,0x0000000084300000)
 Metaspace       used 35135K, committed 36160K, reserved 1114112K
  class space    used 3684K, committed 4160K, reserved 1048576K
}
Event: 11.823 GC heap before
{Heap before GC invocations=17 (full 2):
 PSYoungGen      total 23040K, used 22528K [0x00000000d5580000, 0x00000000d7080000, 0x0000000100000000)
  eden space 22528K, 100% used [0x00000000d5580000,0x00000000d6b80000,0x00000000d6b80000)
  from space 512K, 0% used [0x00000000d7000000,0x00000000d7000000,0x00000000d7080000)
  to   space 1536K, 0% used [0x00000000d6d80000,0x00000000d6d80000,0x00000000d6f00000)
 ParOldGen       total 68608K, used 19120K [0x0000000080000000, 0x0000000084300000, 0x00000000d5580000)
  object space 68608K, 27% used [0x0000000080000000,0x00000000812ac238,0x0000000084300000)
 Metaspace       used 37591K, committed 38784K, reserved 1114112K
  class space    used 3982K, committed 4544K, reserved 1048576K
}
Event: 11.828 GC heap after
{Heap after GC invocations=17 (full 2):
 PSYoungGen      total 23552K, used 1107K [0x00000000d5580000, 0x00000000d7080000, 0x0000000100000000)
  eden space 22016K, 0% used [0x00000000d5580000,0x00000000d5580000,0x00000000d6b00000)
  from space 1536K, 72% used [0x00000000d6d80000,0x00000000d6e94db8,0x00000000d6f00000)
  to   space 1536K, 0% used [0x00000000d6f00000,0x00000000d6f00000,0x00000000d7080000)
 ParOldGen       total 68608K, used 19128K [0x0000000080000000, 0x0000000084300000, 0x00000000d5580000)
  object space 68608K, 27% used [0x0000000080000000,0x00000000812ae238,0x0000000084300000)
 Metaspace       used 37591K, committed 38784K, reserved 1114112K
  class space    used 3982K, committed 4544K, reserved 1048576K
}
Event: 12.189 GC heap before
{Heap before GC invocations=18 (full 2):
 PSYoungGen      total 23552K, used 23123K [0x00000000d5580000, 0x00000000d7080000, 0x0000000100000000)
  eden space 22016K, 100% used [0x00000000d5580000,0x00000000d6b00000,0x00000000d6b00000)
  from space 1536K, 72% used [0x00000000d6d80000,0x00000000d6e94db8,0x00000000d6f00000)
  to   space 1536K, 0% used [0x00000000d6f00000,0x00000000d6f00000,0x00000000d7080000)
 ParOldGen       total 68608K, used 19128K [0x0000000080000000, 0x0000000084300000, 0x00000000d5580000)
  object space 68608K, 27% used [0x0000000080000000,0x00000000812ae238,0x0000000084300000)
 Metaspace       used 39509K, committed 40832K, reserved 1114112K
  class space    used 4196K, committed 4800K, reserved 1048576K
}
Event: 12.194 GC heap after
{Heap after GC invocations=18 (full 2):
 PSYoungGen      total 23552K, used 1520K [0x00000000d5580000, 0x00000000d7200000, 0x0000000100000000)
  eden space 22016K, 0% used [0x00000000d5580000,0x00000000d5580000,0x00000000d6b00000)
  from space 1536K, 98% used [0x00000000d6f00000,0x00000000d707c030,0x00000000d7080000)
  to   space 3584K, 0% used [0x00000000d6b00000,0x00000000d6b00000,0x00000000d6e80000)
 ParOldGen       total 68608K, used 20638K [0x0000000080000000, 0x0000000084300000, 0x00000000d5580000)
  object space 68608K, 30% used [0x0000000080000000,0x0000000081427810,0x0000000084300000)
 Metaspace       used 39509K, committed 40832K, reserved 1114112K
  class space    used 4196K, committed 4800K, reserved 1048576K
}
Event: 12.336 GC heap before
{Heap before GC invocations=19 (full 2):
 PSYoungGen      total 23552K, used 23536K [0x00000000d5580000, 0x00000000d7200000, 0x0000000100000000)
  eden space 22016K, 100% used [0x00000000d5580000,0x00000000d6b00000,0x00000000d6b00000)
  from space 1536K, 98% used [0x00000000d6f00000,0x00000000d707c030,0x00000000d7080000)
  to   space 3584K, 0% used [0x00000000d6b00000,0x00000000d6b00000,0x00000000d6e80000)
 ParOldGen       total 68608K, used 20638K [0x0000000080000000, 0x0000000084300000, 0x00000000d5580000)
  object space 68608K, 30% used [0x0000000080000000,0x0000000081427810,0x0000000084300000)
 Metaspace       used 40282K, committed 41536K, reserved 1114112K
  class space    used 4288K, committed 4864K, reserved 1048576K
}
Event: 14.347 GC heap after
{Heap after GC invocations=19 (full 2):
 PSYoungGen      total 25600K, used 2196K [0x00000000d5580000, 0x00000000d7900000, 0x0000000100000000)
  eden space 22016K, 0% used [0x00000000d5580000,0x00000000d5580000,0x00000000d6b00000)
  from space 3584K, 61% used [0x00000000d6b00000,0x00000000d6d25380,0x00000000d6e80000)
  to   space 2560K, 0% used [0x00000000d7680000,0x00000000d7680000,0x00000000d7900000)
 ParOldGen       total 68608K, used 22150K [0x0000000080000000, 0x0000000084300000, 0x00000000d5580000)
  object space 68608K, 32% used [0x0000000080000000,0x00000000815a1ba8,0x0000000084300000)
 Metaspace       used 40282K, committed 41536K, reserved 1114112K
  class space    used 4288K, committed 4864K, reserved 1048576K
}

Dll operation events (10 events):
Event: 0.020 Loaded shared library c:\Users\goura\.antigravity\extensions\redhat.java-1.53.0-win32-x64\jre\21.0.10-win32-x86_64\bin\java.dll
Event: 0.156 Loaded shared library c:\Users\goura\.antigravity\extensions\redhat.java-1.53.0-win32-x64\jre\21.0.10-win32-x86_64\bin\zip.dll
Event: 0.191 Loaded shared library C:\Users\goura\.antigravity\extensions\redhat.java-1.53.0-win32-x64\jre\21.0.10-win32-x86_64\bin\instrument.dll
Event: 0.199 Loaded shared library C:\Users\goura\.antigravity\extensions\redhat.java-1.53.0-win32-x64\jre\21.0.10-win32-x86_64\bin\net.dll
Event: 0.203 Loaded shared library C:\Users\goura\.antigravity\extensions\redhat.java-1.53.0-win32-x64\jre\21.0.10-win32-x86_64\bin\nio.dll
Event: 0.209 Loaded shared library C:\Users\goura\.antigravity\extensions\redhat.java-1.53.0-win32-x64\jre\21.0.10-win32-x86_64\bin\zip.dll
Event: 0.240 Loaded shared library C:\Users\goura\.antigravity\extensions\redhat.java-1.53.0-win32-x64\jre\21.0.10-win32-x86_64\bin\jimage.dll
Event: 0.357 Loaded shared library c:\Users\goura\.antigravity\extensions\redhat.java-1.53.0-win32-x64\jre\21.0.10-win32-x86_64\bin\verify.dll
Event: 1.589 Loaded shared library C:\Users\goura\AppData\Roaming\Antigravity\User\globalStorage\redhat.java\1.53.0\config_win\org.eclipse.equinox.launcher\org.eclipse.equinox.launcher.win32.win32.x86_64_1.3.0.v20260203-2149\eclipse_11919.dll
Event: 7.497 Loaded shared library C:\Users\goura\AppData\Local\Temp\jna-98545532\jna1895553132368604742.dll

Deoptimization events (20 events):
Event: 12.001 Thread 0x0000017ee44e5fd0 DEOPT UNPACKING pc=0x0000017ed5d43aa2 sp=0x000000040c0fe878 mode 2
Event: 12.044 Thread 0x0000017ee44e5fd0 DEOPT PACKING pc=0x0000017ece84bf9f sp=0x000000040c0feb30
Event: 12.044 Thread 0x0000017ee44e5fd0 DEOPT UNPACKING pc=0x0000017ed5d44242 sp=0x000000040c0fe008 mode 0
Event: 12.058 Thread 0x0000017ee44e5fd0 DEOPT PACKING pc=0x0000017ece84bf9f sp=0x000000040c0feb30
Event: 12.058 Thread 0x0000017ee44e5fd0 DEOPT UNPACKING pc=0x0000017ed5d44242 sp=0x000000040c0fe008 mode 0
Event: 12.069 Thread 0x0000017ee44e5fd0 DEOPT PACKING pc=0x0000017ece84bf9f sp=0x000000040c0feb30
Event: 12.069 Thread 0x0000017ee44e5fd0 DEOPT UNPACKING pc=0x0000017ed5d44242 sp=0x000000040c0fe008 mode 0
Event: 12.143 Thread 0x0000017ee44e5fd0 DEOPT PACKING pc=0x0000017ecf147f13 sp=0x000000040c0fe8a0
Event: 12.143 Thread 0x0000017ee44e5fd0 DEOPT UNPACKING pc=0x0000017ed5d44242 sp=0x000000040c0fde20 mode 0
Event: 12.144 Thread 0x0000017ee44e4590 Uncommon trap: trap_request=0xffffff45 fr.pc=0x0000017ed62e0460 relative=0x00000000000001a0
Event: 12.144 Thread 0x0000017ee44e4590 Uncommon trap: reason=unstable_if action=reinterpret pc=0x0000017ed62e0460 method=jdk.internal.jrtfs.JrtPath.normalize(Ljava/lang/String;)Ljava/lang/String; @ 78 c2
Event: 12.144 Thread 0x0000017ee44e4590 DEOPT PACKING pc=0x0000017ed62e0460 sp=0x000000040bafd110
Event: 12.144 Thread 0x0000017ee44e4590 DEOPT UNPACKING pc=0x0000017ed5d43aa2 sp=0x000000040bafd090 mode 2
Event: 12.312 Thread 0x0000017ec92585b0 Uncommon trap: trap_request=0xffffffde fr.pc=0x0000017ed63d4c6c relative=0x000000000000004c
Event: 12.313 Thread 0x0000017ec92585b0 Uncommon trap: reason=class_check action=maybe_recompile pc=0x0000017ed63d4c6c method=java.lang.StringConcatHelper.stringOf(Ljava/lang/Object;)Ljava/lang/String; @ 5 c2
Event: 12.313 Thread 0x0000017ec92585b0 DEOPT PACKING pc=0x0000017ed63d4c6c sp=0x0000000409afe770
Event: 12.313 Thread 0x0000017ec92585b0 DEOPT UNPACKING pc=0x0000017ed5d43aa2 sp=0x0000000409afe700 mode 2
Event: 15.418 Thread 0x0000017ee44e4590 Uncommon trap: trap_request=0xffffff45 fr.pc=0x0000017ed6317af4 relative=0x0000000000001274
Event: 15.418 Thread 0x0000017ee44e4590 Uncommon trap: reason=unstable_if action=reinterpret pc=0x0000017ed6317af4 method=org.eclipse.jdt.internal.core.util.Util.splitOn(CLjava/lang/String;II)[Ljava/lang/String; @ 21 c2
Event: 15.418 Thread 0x0000017ee44e4590 DEOPT PACKING pc=0x0000017ed6317af4 sp=0x000000040bafd050

Classes loaded (20 events):
Event: 11.995 Loading class sun/reflect/generics/tree/Wildcard
Event: 11.995 Loading class sun/reflect/generics/tree/Wildcard done
Event: 11.996 Loading class sun/reflect/generics/reflectiveObjects/WildcardTypeImpl
Event: 11.996 Loading class sun/reflect/generics/reflectiveObjects/WildcardTypeImpl done
Event: 11.997 Loading class sun/nio/cs/ThreadLocalCoders
Event: 11.997 Loading class sun/nio/cs/ThreadLocalCoders done
Event: 11.997 Loading class sun/nio/cs/ThreadLocalCoders$1
Event: 11.998 Loading class sun/nio/cs/ThreadLocalCoders$Cache
Event: 11.998 Loading class sun/nio/cs/ThreadLocalCoders$Cache done
Event: 11.999 Loading class sun/nio/cs/ThreadLocalCoders$1 done
Event: 11.999 Loading class sun/nio/cs/ThreadLocalCoders$2
Event: 11.999 Loading class sun/nio/cs/ThreadLocalCoders$2 done
Event: 12.136 Loading class sun/reflect/annotation/AnnotatedTypeFactory$AnnotatedParameterizedTypeImpl
Event: 12.137 Loading class java/lang/reflect/AnnotatedParameterizedType
Event: 12.137 Loading class java/lang/reflect/AnnotatedParameterizedType done
Event: 12.137 Loading class sun/reflect/annotation/AnnotatedTypeFactory$AnnotatedParameterizedTypeImpl done
Event: 12.223 Loading class sun/reflect/generics/tree/ArrayTypeSignature
Event: 12.223 Loading class sun/reflect/generics/tree/ArrayTypeSignature done
Event: 12.244 Loading class sun/reflect/generics/tree/BooleanSignature
Event: 12.244 Loading class sun/reflect/generics/tree/BooleanSignature done

Classes unloaded (7 events):
Event: 8.617 Thread 0x0000017ecb554970 Unloading class 0x0000017e811a4800 'java/lang/invoke/LambdaForm$MH+0x0000017e811a4800'
Event: 8.617 Thread 0x0000017ecb554970 Unloading class 0x0000017e811a4400 'java/lang/invoke/LambdaForm$MH+0x0000017e811a4400'
Event: 8.617 Thread 0x0000017ecb554970 Unloading class 0x0000017e811a4000 'java/lang/invoke/LambdaForm$MH+0x0000017e811a4000'
Event: 8.617 Thread 0x0000017ecb554970 Unloading class 0x0000017e811a3c00 'java/lang/invoke/LambdaForm$MH+0x0000017e811a3c00'
Event: 8.617 Thread 0x0000017ecb554970 Unloading class 0x0000017e811a3800 'java/lang/invoke/LambdaForm$BMH+0x0000017e811a3800'
Event: 8.617 Thread 0x0000017ecb554970 Unloading class 0x0000017e811a3400 'java/lang/invoke/LambdaForm$DMH+0x0000017e811a3400'
Event: 8.617 Thread 0x0000017ecb554970 Unloading class 0x0000017e811a2000 'java/lang/invoke/LambdaForm$DMH+0x0000017e811a2000'

Classes redefined (0 events):
No events

Internal exceptions (20 events):
Event: 11.416 Thread 0x0000017ee44e4590 Exception <a 'java/io/FileNotFoundException'{0x00000000d566f788}> (0x00000000d566f788) 
thrown [s\src\hotspot\share\prims\jni.cpp, line 520]
Event: 11.422 Thread 0x0000017ec92585b0 Exception <a 'java/lang/NoSuchMethodError'{0x00000000d570d7a0}: 'java.lang.Object java.lang.invoke.DirectMethodHandle$Holder.invokeStatic(java.lang.Object, long, java.lang.Object)'> (0x00000000d570d7a0) 
thrown [s\src\hotspot\share\interpreter\linkResolver.cpp, line 773]
Event: 11.424 Thread 0x0000017ee44e4590 Exception <a 'java/io/FileNotFoundException'{0x00000000d56edac0}> (0x00000000d56edac0) 
thrown [s\src\hotspot\share\prims\jni.cpp, line 520]
Event: 11.425 Thread 0x0000017ee44e4590 Exception <a 'java/io/FileNotFoundException'{0x00000000d56eedb8}> (0x00000000d56eedb8) 
thrown [s\src\hotspot\share\prims\jni.cpp, line 520]
Event: 11.425 Thread 0x0000017ee44e4590 Exception <a 'java/io/FileNotFoundException'{0x00000000d56efde8}> (0x00000000d56efde8) 
thrown [s\src\hotspot\share\prims\jni.cpp, line 520]
Event: 11.426 Thread 0x0000017ec92585b0 Exception <a 'java/lang/NoSuchMethodError'{0x00000000d57110c8}: 'java.lang.Object java.lang.invoke.DirectMethodHandle$Holder.invokeStaticInit(java.lang.Object, long, java.lang.Object)'> (0x00000000d57110c8) 
thrown [s\src\hotspot\share\interpreter\linkResolver.cpp, line 773]
Event: 11.431 Thread 0x0000017ec92585b0 Exception <a 'java/lang/NoSuchMethodError'{0x00000000d5742df8}: 'java.lang.Object java.lang.invoke.DirectMethodHandle$Holder.newInvokeSpecial(java.lang.Object, long)'> (0x00000000d5742df8) 
thrown [s\src\hotspot\share\interpreter\linkResolver.cpp, line 773]
Event: 11.468 Thread 0x0000017ee44e6cf0 Exception <a 'java/lang/NoSuchMethodError'{0x00000000d59fac68}: 'void java.lang.invoke.DirectMethodHandle$Holder.invokeStaticInit(java.lang.Object, java.lang.Object, java.lang.Object, java.lang.Object)'> (0x00000000d59fac68) 
thrown [s\src\hotspot\share\interpreter\linkResolver.cpp, line 773]
Event: 11.696 Thread 0x0000017ee44e4590 Implicit null exception at 0x0000017ed643e0f7 to 0x0000017ed643e368
Event: 11.701 Thread 0x0000017ee44e4590 Exception <a 'java/lang/NoSuchMethodError'{0x00000000d6677a38}: 'java.lang.Object java.lang.invoke.DelegatingMethodHandle$Holder.reinvoke_L(java.lang.Object, int, long, java.lang.Object, java.lang.Object, int, java.lang.Object)'> (0x00000000d6677a38) 
thrown [s\src\hotspot\share\interpreter\linkResolver.cpp, line 773]
Event: 12.038 Thread 0x0000017ee44e5fd0 Exception <a 'sun/nio/fs/WindowsException'{0x00000000d63e8950}> (0x00000000d63e8950) 
thrown [s\src\hotspot\share\prims\jni.cpp, line 520]
Event: 12.121 Thread 0x0000017ee44e5fd0 Exception <a 'java/io/FileNotFoundException'{0x00000000d67dd8f0}> (0x00000000d67dd8f0) 
thrown [s\src\hotspot\share\prims\jni.cpp, line 520]
Event: 12.122 Thread 0x0000017ee44e5fd0 Exception <a 'java/io/FileNotFoundException'{0x00000000d67deef8}> (0x00000000d67deef8) 
thrown [s\src\hotspot\share\prims\jni.cpp, line 520]
Event: 12.129 Thread 0x0000017ee44e5fd0 Exception <a 'java/lang/NoSuchMethodError'{0x00000000d685d5c8}: 'java.lang.Object java.lang.invoke.DirectMethodHandle$Holder.newInvokeSpecial(java.lang.Object, java.lang.Object, java.lang.Object, int)'> (0x00000000d685d5c8) 
thrown [s\src\hotspot\share\interpreter\linkResolver.cpp, line 773]
Event: 12.130 Thread 0x0000017ee44e5fd0 Exception <a 'java/lang/NoSuchMethodError'{0x00000000d6887858}: 'java.lang.Object java.lang.invoke.DirectMethodHandle$Holder.invokeSpecial(java.lang.Object, java.lang.Object, java.lang.Object, java.lang.Object, int)'> (0x00000000d6887858) 
thrown [s\src\hotspot\share\interpreter\linkResolver.cpp, line 773]
Event: 12.131 Thread 0x0000017ee44e5fd0 Exception <a 'java/lang/NoSuchMethodError'{0x00000000d688ad00}: 'java.lang.Object java.lang.invoke.Invokers$Holder.linkToTargetMethod(java.lang.Object, java.lang.Object, int, java.lang.Object)'> (0x00000000d688ad00) 
thrown [s\src\hotspot\share\interpreter\linkResolver.cpp, line 773]
Event: 12.136 Thread 0x0000017ee44e5fd0 Exception <a 'java/lang/NoSuchMethodError'{0x00000000d68a4948}: 'void java.lang.invoke.DirectMethodHandle$Holder.invokeStaticInit(java.lang.Object, java.lang.Object, java.lang.Object)'> (0x00000000d68a4948) 
thrown [s\src\hotspot\share\interpreter\linkResolver.cpp, line 773]
Event: 12.310 Thread 0x0000017ec92585b0 Exception <a 'java/lang/NoSuchMethodError'{0x00000000d67af0e8}: 'void java.lang.invoke.DirectMethodHandle$Holder.invokeSpecial(java.lang.Object, java.lang.Object, java.lang.Object, java.lang.Object, java.lang.Object, java.lang.Object)'> (0x00000000d67af0e8) 
thrown [s\src\hotspot\share\interpreter\linkResolver.cpp, line 773]
Event: 12.312 Thread 0x0000017ec92585b0 Exception <a 'java/lang/IncompatibleClassChangeError'{0x00000000d67f2ef0}: Found class java.lang.Object, but interface was expected> (0x00000000d67f2ef0) 
thrown [s\src\hotspot\share\interpreter\linkResolver.cpp, line 840]
Event: 12.313 Thread 0x0000017ec92585b0 Exception <a 'java/lang/IncompatibleClassChangeError'{0x00000000d67f4d38}: Found class java.lang.Object, but interface was expected> (0x00000000d67f4d38) 
thrown [s\src\hotspot\share\interpreter\linkResolver.cpp, line 840]

ZGC Phase Switch (0 events):
No events

VM Operations (20 events):
Event: 11.392 Executing safepoint VM operation: CollectForMetadataAllocation (Metadata GC Threshold) done
Event: 11.393 Executing safepoint VM operation: CollectForMetadataAllocation (Metadata GC Threshold)
Event: 11.393 Executing safepoint VM operation: CollectForMetadataAllocation (Metadata GC Threshold) done
Event: 11.584 Executing non-safepoint VM operation: HandshakeAllThreads (Deoptimize)
Event: 11.606 Executing non-safepoint VM operation: HandshakeAllThreads (Deoptimize) done
Event: 11.794 Executing non-safepoint VM operation: HandshakeAllThreads (Deoptimize)
Event: 11.807 Executing non-safepoint VM operation: HandshakeAllThreads (Deoptimize) done
Event: 11.809 Executing non-safepoint VM operation: HandshakeAllThreads (Deoptimize)
Event: 11.823 Executing non-safepoint VM operation: HandshakeAllThreads (Deoptimize) done
Event: 11.823 Executing safepoint VM operation: ParallelGCFailedAllocation (Allocation Failure)
Event: 11.828 Executing safepoint VM operation: ParallelGCFailedAllocation (Allocation Failure) done
Event: 11.941 Executing non-safepoint VM operation: HandshakeAllThreads (Deoptimize)
Event: 11.946 Executing non-safepoint VM operation: HandshakeAllThreads (Deoptimize) done
Event: 12.189 Executing safepoint VM operation: ParallelGCFailedAllocation (Allocation Failure)
Event: 12.194 Executing safepoint VM operation: ParallelGCFailedAllocation (Allocation Failure) done
Event: 12.297 Executing non-safepoint VM operation: HandshakeAllThreads (Deoptimize)
Event: 12.297 Executing non-safepoint VM operation: HandshakeAllThreads (Deoptimize) done
Event: 12.320 Executing safepoint VM operation: ParallelGCFailedAllocation (Allocation Failure)
Event: 14.347 Executing safepoint VM operation: ParallelGCFailedAllocation (Allocation Failure) done
Event: 16.363 Executing safepoint VM operation: Cleanup

Memory protections (0 events):
No events

Nmethod flushes (20 events):
Event: 11.370 Thread 0x0000017ecb554970 flushing  nmethod 0x0000017ecee37310
Event: 11.370 Thread 0x0000017ecb554970 flushing  nmethod 0x0000017ecee37c10
Event: 11.370 Thread 0x0000017ecb554970 flushing  nmethod 0x0000017ecee39e90
Event: 11.370 Thread 0x0000017ecb554970 flushing  nmethod 0x0000017ecee3ab10
Event: 11.370 Thread 0x0000017ecb554970 flushing  nmethod 0x0000017ecee3da10
Event: 11.370 Thread 0x0000017ecb554970 flushing  nmethod 0x0000017ecee3ff90
Event: 11.370 Thread 0x0000017ecb554970 flushing  nmethod 0x0000017ecee4b490
Event: 11.370 Thread 0x0000017ecb554970 flushing  nmethod 0x0000017ecee60a10
Event: 11.370 Thread 0x0000017ecb554970 flushing  nmethod 0x0000017ecee69c90
Event: 11.370 Thread 0x0000017ecb554970 flushing  nmethod 0x0000017ecee78910
Event: 11.370 Thread 0x0000017ecb554970 flushing  nmethod 0x0000017ecee7d390
Event: 11.370 Thread 0x0000017ecb554970 flushing  nmethod 0x0000017ecee81e90
Event: 11.370 Thread 0x0000017ecb554970 flushing  nmethod 0x0000017ecee87510
Event: 11.370 Thread 0x0000017ecb554970 flushing  nmethod 0x0000017ecee93390
Event: 11.370 Thread 0x0000017ecb554970 flushing  nmethod 0x0000017ecee93710
Event: 11.370 Thread 0x0000017ecb554970 flushing  nmethod 0x0000017eceec0190
Event: 11.370 Thread 0x0000017ecb554970 flushing  nmethod 0x0000017eceee2390
Event: 11.370 Thread 0x0000017ecb554970 flushing  nmethod 0x0000017eceee4290
Event: 11.370 Thread 0x0000017ecb554970 flushing  nmethod 0x0000017ecef07810
Event: 11.370 Thread 0x0000017ecb554970 flushing  nmethod 0x0000017ecef07c90

Events (20 events):
Event: 9.881 Thread 0x0000017ee32da0e0 Thread added: 0x0000017ee32db550
Event: 10.089 Thread 0x0000017ee32da0e0 Thread added: 0x0000017ee32dc9c0
Event: 10.551 Thread 0x0000017ee4887370 Thread added: 0x0000017ee44e52b0
Event: 10.552 Thread 0x0000017ee44e6cf0 Thread added: 0x0000017ee44e5940
Event: 11.029 Thread 0x0000017ee44e5940 Thread added: 0x0000017ee44e5fd0
Event: 11.394 Thread 0x0000017ee44e5940 Thread added: 0x0000017ee9cad8f0
Event: 11.464 Thread 0x0000017ec92585b0 Thread added: 0x0000017ee9cad260
Event: 11.466 Thread 0x0000017ec92585b0 Thread added: 0x0000017ee9cadf80
Event: 11.467 Thread 0x0000017ec92585b0 Thread added: 0x0000017ee9cab190
Event: 11.468 Thread 0x0000017ec92585b0 Thread added: 0x0000017ee9cac540
Event: 11.469 Thread 0x0000017ec92585b0 Thread added: 0x0000017ee9caeca0
Event: 11.470 Thread 0x0000017ec92585b0 Thread added: 0x0000017ee9cab820
Event: 11.471 Thread 0x0000017ec92585b0 Thread added: 0x0000017ee9cae610
Event: 11.471 Thread 0x0000017ec92585b0 Thread added: 0x0000017ee9caf330
Event: 11.472 Thread 0x0000017ec92585b0 Thread added: 0x0000017ee9cacbd0
Event: 11.473 Thread 0x0000017ec92585b0 Thread added: 0x0000017ee9cabeb0
Event: 11.474 Thread 0x0000017ec92585b0 Thread added: 0x0000017ee9cb0050
Event: 11.475 Thread 0x0000017ec92585b0 Thread added: 0x0000017ee9caf9c0
Event: 11.476 Thread 0x0000017ec92585b0 Thread added: 0x0000017ee9cb06e0
Event: 11.570 Thread 0x0000017ec92585b0 Thread added: 0x0000017ee9cb2120


Dynamic libraries:
0x00007ff78b7e0000 - 0x00007ff78b7ee000 	c:\Users\goura\.antigravity\extensions\redhat.java-1.53.0-win32-x64\jre\21.0.10-win32-x86_64\bin\java.exe
0x00007ffe30fe0000 - 0x00007ffe31247000 	C:\WINDOWS\SYSTEM32\ntdll.dll
0x00007ffe2fb70000 - 0x00007ffe2fc39000 	C:\WINDOWS\System32\KERNEL32.DLL
0x00007ffe2de10000 - 0x00007ffe2e204000 	C:\WINDOWS\System32\KERNELBASE.dll
0x00007ffe2da20000 - 0x00007ffe2db6b000 	C:\WINDOWS\System32\ucrtbase.dll
0x00007ffe11920000 - 0x00007ffe11938000 	c:\Users\goura\.antigravity\extensions\redhat.java-1.53.0-win32-x64\jre\21.0.10-win32-x86_64\bin\jli.dll
0x00007ffe303b0000 - 0x00007ffe30575000 	C:\WINDOWS\System32\USER32.dll
0x00007ffe2ebc0000 - 0x00007ffe2ebe7000 	C:\WINDOWS\System32\win32u.dll
0x00007ffe2fa20000 - 0x00007ffe2fa4b000 	C:\WINDOWS\System32\GDI32.dll
0x00007ffe2db70000 - 0x00007ffe2dc9a000 	C:\WINDOWS\System32\gdi32full.dll
0x00007ffe2d970000 - 0x00007ffe2da13000 	C:\WINDOWS\System32\msvcp_win.dll
0x00007ffe11900000 - 0x00007ffe1191e000 	c:\Users\goura\.antigravity\extensions\redhat.java-1.53.0-win32-x64\jre\21.0.10-win32-x86_64\bin\VCRUNTIME140.dll
0x00007ffe0b8e0000 - 0x00007ffe0bb73000 	C:\WINDOWS\WinSxS\amd64_microsoft.windows.common-controls_6595b64144ccf1df_6.0.26100.8115_none_3e075c82e3354f9c\COMCTL32.dll
0x00007ffe30a30000 - 0x00007ffe30ad9000 	C:\WINDOWS\System32\msvcrt.dll
0x00007ffe2f030000 - 0x00007ffe2f062000 	C:\WINDOWS\System32\IMM32.DLL
0x00007ffe24f80000 - 0x00007ffe24f8c000 	c:\Users\goura\.antigravity\extensions\redhat.java-1.53.0-win32-x64\jre\21.0.10-win32-x86_64\bin\vcruntime140_1.dll
0x00007ffddaad0000 - 0x00007ffddab5d000 	c:\Users\goura\.antigravity\extensions\redhat.java-1.53.0-win32-x64\jre\21.0.10-win32-x86_64\bin\msvcp140.dll
0x00007ffd36500000 - 0x00007ffd372a1000 	c:\Users\goura\.antigravity\extensions\redhat.java-1.53.0-win32-x64\jre\21.0.10-win32-x86_64\bin\server\jvm.dll
0x00007ffe30840000 - 0x00007ffe308f6000 	C:\WINDOWS\System32\ADVAPI32.dll
0x00007ffe2f920000 - 0x00007ffe2f9c7000 	C:\WINDOWS\System32\sechost.dll
0x00007ffe30720000 - 0x00007ffe30838000 	C:\WINDOWS\System32\RPCRT4.dll
0x00007ffe2f070000 - 0x00007ffe2f0f0000 	C:\WINDOWS\System32\WS2_32.dll
0x00007ffe2d710000 - 0x00007ffe2d76e000 	C:\WINDOWS\SYSTEM32\POWRPROF.dll
0x00007ffe28a70000 - 0x00007ffe28aa6000 	C:\WINDOWS\SYSTEM32\WINMM.dll
0x00007ffe11980000 - 0x00007ffe1198b000 	C:\WINDOWS\SYSTEM32\VERSION.dll
0x00007ffe2d6f0000 - 0x00007ffe2d704000 	C:\WINDOWS\SYSTEM32\UMPDC.dll
0x00007ffe2c5a0000 - 0x00007ffe2c5bb000 	C:\WINDOWS\SYSTEM32\kernel.appcore.dll
0x00007ffe12ca0000 - 0x00007ffe12caa000 	c:\Users\goura\.antigravity\extensions\redhat.java-1.53.0-win32-x64\jre\21.0.10-win32-x86_64\bin\jimage.dll
0x00007ffe2b860000 - 0x00007ffe2baa2000 	C:\WINDOWS\SYSTEM32\DBGHELP.DLL
0x00007ffe2f590000 - 0x00007ffe2f912000 	C:\WINDOWS\System32\combase.dll
0x00007ffe2ed70000 - 0x00007ffe2ee47000 	C:\WINDOWS\System32\OLEAUT32.dll
0x00007ffe28a30000 - 0x00007ffe28a6b000 	C:\WINDOWS\SYSTEM32\dbgcore.DLL
0x00007ffe2eb10000 - 0x00007ffe2ebb5000 	C:\WINDOWS\System32\bcryptPrimitives.dll
0x00007ffe12c50000 - 0x00007ffe12c5f000 	c:\Users\goura\.antigravity\extensions\redhat.java-1.53.0-win32-x64\jre\21.0.10-win32-x86_64\bin\instrument.dll
0x00007ffdf9a50000 - 0x00007ffdf9a70000 	c:\Users\goura\.antigravity\extensions\redhat.java-1.53.0-win32-x64\jre\21.0.10-win32-x86_64\bin\java.dll
0x00007ffe2fc40000 - 0x00007ffe303a6000 	C:\WINDOWS\System32\SHELL32.dll
0x00007ffe2dca0000 - 0x00007ffe2de0a000 	C:\WINDOWS\System32\wintypes.dll
0x00007ffe2e2a0000 - 0x00007ffe2eb05000 	C:\WINDOWS\System32\windows.storage.dll
0x00007ffe30910000 - 0x00007ffe30a07000 	C:\WINDOWS\System32\SHCORE.dll
0x00007ffe30b60000 - 0x00007ffe30bc6000 	C:\WINDOWS\System32\shlwapi.dll
0x00007ffe2d7d0000 - 0x00007ffe2d7f9000 	C:\WINDOWS\SYSTEM32\profapi.dll
0x00007ffe12a10000 - 0x00007ffe12a28000 	c:\Users\goura\.antigravity\extensions\redhat.java-1.53.0-win32-x64\jre\21.0.10-win32-x86_64\bin\zip.dll
0x00007ffe12b70000 - 0x00007ffe12b80000 	C:\Users\goura\.antigravity\extensions\redhat.java-1.53.0-win32-x64\jre\21.0.10-win32-x86_64\bin\net.dll
0x00007ffe1d650000 - 0x00007ffe1d77d000 	C:\WINDOWS\SYSTEM32\WINHTTP.dll
0x00007ffe2cbb0000 - 0x00007ffe2cc1c000 	C:\WINDOWS\system32\mswsock.dll
0x00007ffdfc410000 - 0x00007ffdfc426000 	C:\Users\goura\.antigravity\extensions\redhat.java-1.53.0-win32-x64\jre\21.0.10-win32-x86_64\bin\nio.dll
0x00007ffe12b20000 - 0x00007ffe12b30000 	c:\Users\goura\.antigravity\extensions\redhat.java-1.53.0-win32-x64\jre\21.0.10-win32-x86_64\bin\verify.dll
0x00007ffdf8d40000 - 0x00007ffdf8d85000 	C:\Users\goura\AppData\Roaming\Antigravity\User\globalStorage\redhat.java\1.53.0\config_win\org.eclipse.equinox.launcher\org.eclipse.equinox.launcher.win32.win32.x86_64_1.3.0.v20260203-2149\eclipse_11919.dll
0x00007ffe30580000 - 0x00007ffe30717000 	C:\WINDOWS\System32\ole32.dll
0x00007ffe2ce90000 - 0x00007ffe2ceab000 	C:\WINDOWS\SYSTEM32\CRYPTSP.dll
0x00007ffe2c5c0000 - 0x00007ffe2c5f9000 	C:\WINDOWS\system32\rsaenh.dll
0x00007ffe2cc60000 - 0x00007ffe2cc93000 	C:\WINDOWS\SYSTEM32\USERENV.dll
0x00007ffe2d7a0000 - 0x00007ffe2d7ca000 	C:\WINDOWS\SYSTEM32\bcrypt.dll
0x00007ffe2ceb0000 - 0x00007ffe2cebc000 	C:\WINDOWS\SYSTEM32\CRYPTBASE.dll
0x00007ffe2c020000 - 0x00007ffe2c052000 	C:\WINDOWS\SYSTEM32\IPHLPAPI.DLL
0x00007ffe30a20000 - 0x00007ffe30a2a000 	C:\WINDOWS\System32\NSI.dll
0x00007ffdea350000 - 0x00007ffdea399000 	C:\Users\goura\AppData\Local\Temp\jna-98545532\jna1895553132368604742.dll
0x00007ffe30a10000 - 0x00007ffe30a18000 	C:\WINDOWS\System32\PSAPI.DLL
0x00007ffe24690000 - 0x00007ffe246ad000 	C:\WINDOWS\SYSTEM32\dhcpcsvc6.DLL
0x00007ffe24660000 - 0x00007ffe24685000 	C:\WINDOWS\SYSTEM32\dhcpcsvc.DLL

JVMTI agents:
c:\Users\goura\.antigravity\extensions\redhat.java-1.53.0-win32-x64\lombok\lombok-1.18.39-4050.jar path:c:\Users\goura\.antigravity\extensions\redhat.java-1.53.0-win32-x64\jre\21.0.10-win32-x86_64\bin\instrument.dll, loaded, initialized, instrumentlib options:none

dbghelp: loaded successfully - version: 4.0.5 - missing functions: none
symbol engine: initialized successfully - sym options: 0x614 - pdb path: .;c:\Users\goura\.antigravity\extensions\redhat.java-1.53.0-win32-x64\jre\21.0.10-win32-x86_64\bin;C:\WINDOWS\SYSTEM32;C:\WINDOWS\WinSxS\amd64_microsoft.windows.common-controls_6595b64144ccf1df_6.0.26100.8115_none_3e075c82e3354f9c;c:\Users\goura\.antigravity\extensions\redhat.java-1.53.0-win32-x64\jre\21.0.10-win32-x86_64\bin\server;C:\Users\goura\AppData\Roaming\Antigravity\User\globalStorage\redhat.java\1.53.0\config_win\org.eclipse.equinox.launcher\org.eclipse.equinox.launcher.win32.win32.x86_64_1.3.0.v20260203-2149;C:\Users\goura\AppData\Local\Temp\jna-98545532

VM Arguments:
jvm_args: --add-modules=ALL-SYSTEM --add-opens=java.base/java.util=ALL-UNNAMED --add-opens=java.base/java.lang=ALL-UNNAMED --add-opens=java.base/sun.nio.fs=ALL-UNNAMED -Declipse.application=org.eclipse.jdt.ls.core.id1 -Dosgi.bundles.defaultStartLevel=4 -Declipse.product=org.eclipse.jdt.ls.core.product -Djava.import.generatesMetadataFilesAtProjectRoot=false -DDetectVMInstallationsJob.disabled=true -Dfile.encoding=utf8 -XX:+UseParallelGC -XX:GCTimeRatio=4 -XX:AdaptiveSizePolicyWeight=90 -Dsun.zip.disableMemoryMapping=true -Xmx2G -Xms100m -Xlog:disable -javaagent:c:\Users\goura\.antigravity\extensions\redhat.java-1.53.0-win32-x64\lombok\lombok-1.18.39-4050.jar -XX:+HeapDumpOnOutOfMemoryError -XX:HeapDumpPath=c:\Users\goura\AppData\Roaming\Antigravity\User\workspaceStorage\3a9f633a864b7f7e5040206e595dc496\redhat.java -Daether.dependencyCollector.impl=bf 
java_command: c:\Users\goura\.antigravity\extensions\redhat.java-1.53.0-win32-x64\server\plugins\org.eclipse.equinox.launcher_1.7.100.v20251111-0406.jar -configuration c:\Users\goura\AppData\Roaming\Antigravity\User\globalStorage\redhat.java\1.53.0\config_win -data c:\Users\goura\AppData\Roaming\Antigravity\User\workspaceStorage\3a9f633a864b7f7e5040206e595dc496\redhat.java\jdt_ws --pipe=\\.\pipe\lsp-eb60bf0a139df83eed458538ddebe4ed-sock
java_class_path (initial): c:\Users\goura\.antigravity\extensions\redhat.java-1.53.0-win32-x64\server\plugins\org.eclipse.equinox.launcher_1.7.100.v20251111-0406.jar
Launcher Type: SUN_STANDARD

[Global flags]
    uintx AdaptiveSizePolicyWeight                 = 90                                        {product} {command line}
     intx CICompilerCount                          = 4                                         {product} {ergonomic}
    uintx GCTimeRatio                              = 4                                         {product} {command line}
     bool HeapDumpOnOutOfMemoryError               = true                                   {manageable} {command line}
    ccstr HeapDumpPath                             = c:\Users\goura\AppData\Roaming\Antigravity\User\workspaceStorage\3a9f633a864b7f7e5040206e595dc496\redhat.java         {manageable} {command line}
   size_t InitialHeapSize                          = 104857600                                 {product} {command line}
   size_t MaxHeapSize                              = 2147483648                                {product} {command line}
   size_t MaxNewSize                               = 715653120                                 {product} {ergonomic}
   size_t MinHeapDeltaBytes                        = 524288                                    {product} {ergonomic}
   size_t MinHeapSize                              = 104857600                                 {product} {command line}
   size_t NewSize                                  = 34603008                                  {product} {ergonomic}
    uintx NonNMethodCodeHeapSize                   = 5839372                                {pd product} {ergonomic}
    uintx NonProfiledCodeHeapSize                  = 122909434                              {pd product} {ergonomic}
   size_t OldSize                                  = 70254592                                  {product} {ergonomic}
    uintx ProfiledCodeHeapSize                     = 122909434                              {pd product} {ergonomic}
    uintx ReservedCodeCacheSize                    = 251658240                              {pd product} {ergonomic}
     bool SegmentedCodeCache                       = true                                      {product} {ergonomic}
   size_t SoftMaxHeapSize                          = 2147483648                             {manageable} {ergonomic}
     bool UseCompressedOops                        = true                           {product lp64_product} {ergonomic}
     bool UseLargePagesIndividualAllocation        = false                                  {pd product} {ergonomic}
     bool UseParallelGC                            = true                                      {product} {command line}

Logging:
Log output configuration:
 #0: stdout all=off uptime,level,tags foldmultilines=false
 #1: stderr all=off uptime,level,tags foldmultilines=false

Release file:
JAVA_VERSION="21.0.10" 
MODULES="java.base java.compiler java.datatransfer java.xml java.prefs java.desktop java.instrument java.logging java.management java.security.sasl java.naming java.rmi java.management.rmi java.net.http java.scripting java.security.jgss java.transaction.xa java.sql java.sql.rowset java.xml.crypto java.se java.smartcardio jdk.accessibility jdk.internal.jvmstat jdk.attach jdk.charsets jdk.internal.opt jdk.zipfs jdk.compiler jdk.crypto.ec jdk.crypto.cryptoki jdk.crypto.mscapi jdk.dynalink jdk.internal.ed jdk.editpad jdk.hotspot.agent jdk.httpserver jdk.internal.le jdk.internal.vm.ci jdk.internal.vm.compiler jdk.internal.vm.compiler.management jdk.jartool jdk.javadoc jdk.jcmd jdk.management jdk.management.agent jdk.jconsole jdk.jdeps jdk.jdwp.agent jdk.jdi jdk.jfr jdk.jshell jdk.jsobject jdk.jstatd jdk.localedata jdk.management.jfr jdk.naming.dns jdk.naming.rmi jdk.net jdk.nio.mapmode jdk.random jdk.sctp jdk.security.auth jdk.security.jgss jdk.unsupported jdk.unsupported.desktop jdk.xml.dom" 

Environment Variables:
PATH=C:\Program Files\Common Files\Oracle\Java\javapath;C:\Program Files (x86)\Common Files\Oracle\Java\java8path;C:\Program Files (x86)\Common Files\Oracle\Java\javapath;C:\WINDOWS\system32;C:\WINDOWS;C:\WINDOWS\System32\Wbem;C:\WINDOWS\System32\WindowsPowerShell\v1.0\;C:\WINDOWS\System32\OpenSSH\;C:\Program Files\dotnet\;C:\Program Files (x86)\NVIDIA Corporation\PhysX\Common;C:\Users\goura\AppData\Local\Muse Hub\lib;C:\WINDOWS\system32;C:\WINDOWS;C:\WINDOWS\System32\Wbem;C:\WINDOWS\System32\WindowsPowerShell\v1.0\;C:\WINDOWS\System32\OpenSSH\;C:\Program Files\nodejs\;C:\Program Files\Git\cmd;C:\Program Files\Git\bin;C:\Program Files\MySQL\MySQL Shell 8.0\bin\;C:\Users\goura\AppData\Local\Programs\Python\Python313\Scripts\;C:\Users\goura\AppData\Local\Programs\Python\Python313\;C:\Users\goura\AppData\Local\Programs\Python\Launcher\;C:\Users\goura\AppData\Local\Microsoft\WindowsApps;C:\Users\goura\AppData\Local\Programs\Microsoft VS Code\bin;C:\Users\goura\AppData\Local\Muse Hub\lib;C:\Program Files\JetBrains\PyCharm 2025.2\bin;C:\Users\goura\AppData\Roaming\npm;C:\Users\goura\AppData\Local\Programs\Antigravity\bin
USERNAME=goura
OS=Windows_NT
PROCESSOR_IDENTIFIER=Intel64 Family 6 Model 186 Stepping 3, GenuineIntel
TMP=C:\Users\goura\AppData\Local\Temp
TEMP=C:\Users\goura\AppData\Local\Temp




Periodic native trim disabled

---------------  S Y S T E M  ---------------

OS:
 Windows 11 , 64 bit Build 26100 (10.0.26100.8115)
OS uptime: 0 days 3:13 hours
Hyper-V role detected

CPU: total 12 (initial active 12) (6 cores per cpu, 2 threads per core) family 6 model 186 stepping 3 microcode 0x6134, cx8, cmov, fxsr, ht, mmx, 3dnowpref, sse, sse2, sse3, ssse3, sse4.1, sse4.2, popcnt, lzcnt, tsc, tscinvbit, avx, avx2, aes, erms, clmul, bmi1, bmi2, adx, sha, fma, vzeroupper, clflush, clflushopt, clwb, hv, serialize, rdtscp, rdpid, fsrm, f16c, cet_ibt, cet_ss
Processor Information for processor 0
  Max Mhz: 1700, Current Mhz: 1700, Mhz Limit: 1700
Processor Information for processor 1
  Max Mhz: 1700, Current Mhz: 1700, Mhz Limit: 1700
Processor Information for processor 2
  Max Mhz: 1700, Current Mhz: 1700, Mhz Limit: 1700
Processor Information for processor 3
  Max Mhz: 1700, Current Mhz: 1700, Mhz Limit: 1700
Processor Information for processor 4
  Max Mhz: 1700, Current Mhz: 1700, Mhz Limit: 1700
Processor Information for processor 5
  Max Mhz: 1700, Current Mhz: 1700, Mhz Limit: 1700
Processor Information for processor 6
  Max Mhz: 1700, Current Mhz: 1700, Mhz Limit: 1700
Processor Information for processor 7
  Max Mhz: 1700, Current Mhz: 1700, Mhz Limit: 1700
Processor Information for processor 8
  Max Mhz: 1700, Current Mhz: 1700, Mhz Limit: 1700
Processor Information for processor 9
  Max Mhz: 1700, Current Mhz: 1558, Mhz Limit: 1700
Processor Information for processor 10
  Max Mhz: 1700, Current Mhz: 1700, Mhz Limit: 1700
Processor Information for processor 11
  Max Mhz: 1700, Current Mhz: 1700, Mhz Limit: 1700

Memory: 4k page, system-wide physical 16068M (1870M free)
TotalPageFile size 19068M (AvailPageFile size 20M)
current process WorkingSet (physical memory assigned to process): 204M, peak: 217M
current process commit charge ("private bytes"): 333M, peak: 350M

vm_info: OpenJDK 64-Bit Server VM (21.0.10+7-LTS) for windows-amd64 JRE (21.0.10+7-LTS), built on 2026-01-20T00:00:00Z by "admin" with MS VC++ 17.12 (VS2022)

END.
