#
# There is insufficient memory for the Java Runtime Environment to continue.
# Native memory allocation (malloc) failed to allocate 1048576 bytes. Error detail: AllocateHeap
# Possible reasons:
#   The system is out of physical RAM or swap space
#   This process is running with CompressedOops enabled, and the Java Heap may be blocking the growth of the native heap
# Possible solutions:
#   Reduce memory load on the system
#   Increase physical memory or swap space
#   Check if swap backing store is full
#   Decrease Java heap size (-Xmx/-Xms)
#   Decrease number of Java threads
#   Decrease Java thread stack sizes (-Xss)
#   Set larger code cache with -XX:ReservedCodeCacheSize=
#   JVM is running with Unscaled Compressed Oops mode in which the Java heap is
#     placed in the first 4GB address space. The Java Heap base address is the
#     maximum limit for the native heap growth. Please use -XX:HeapBaseMinAddress
#     to set the Java Heap base and to place the Java Heap above 4GB virtual address.
# This output file may be truncated or incomplete.
#
#  Out of Memory Error (allocation.cpp:44), pid=26220, tid=19068
#
# JRE version: OpenJDK Runtime Environment Temurin-21.0.10+7 (21.0.10+7) (build 21.0.10+7-LTS)
# Java VM: OpenJDK 64-Bit Server VM Temurin-21.0.10+7 (21.0.10+7-LTS, mixed mode, sharing, tiered, compressed oops, compressed class ptrs, parallel gc, windows-amd64)
# No core dump will be written. Minidumps are not enabled by default on client versions of Windows
#

---------------  S U M M A R Y ------------

Command Line: --add-modules=ALL-SYSTEM --add-opens=java.base/java.util=ALL-UNNAMED --add-opens=java.base/java.lang=ALL-UNNAMED --add-opens=java.base/sun.nio.fs=ALL-UNNAMED -Declipse.application=org.eclipse.jdt.ls.core.id1 -Dosgi.bundles.defaultStartLevel=4 -Declipse.product=org.eclipse.jdt.ls.core.product -Djava.import.generatesMetadataFilesAtProjectRoot=false -DDetectVMInstallationsJob.disabled=true -Dfile.encoding=utf8 -XX:+UseParallelGC -XX:GCTimeRatio=4 -XX:AdaptiveSizePolicyWeight=90 -Dsun.zip.disableMemoryMapping=true -Xmx2G -Xms100m -Xlog:disable -javaagent:c:\Users\goura\.antigravity\extensions\redhat.java-1.53.0-win32-x64\lombok\lombok-1.18.39-4050.jar -XX:+HeapDumpOnOutOfMemoryError -XX:HeapDumpPath=c:\Users\goura\AppData\Roaming\Antigravity\User\workspaceStorage\3a9f633a864b7f7e5040206e595dc496\redhat.java -Daether.dependencyCollector.impl=bf c:\Users\goura\.antigravity\extensions\redhat.java-1.53.0-win32-x64\server\plugins\org.eclipse.equinox.launcher_1.7.100.v20251111-0406.jar -configuration c:\Users\goura\AppData\Roaming\Antigravity\User\globalStorage\redhat.java\1.53.0\config_win -data c:\Users\goura\AppData\Roaming\Antigravity\User\workspaceStorage\3a9f633a864b7f7e5040206e595dc496\redhat.java\jdt_ws --pipe=\\.\pipe\lsp-22f9cf4ff301bb3f8c028438164d7bd0-sock

Host: 13th Gen Intel(R) Core(TM) i7-1355U, 12 cores, 15G,  Windows 11 , 64 bit Build 26100 (10.0.26100.8115)
Time: Wed Apr  8 21:09:35 2026 India Standard Time elapsed time: 694.870138 seconds (0d 0h 11m 34s)

---------------  T H R E A D  ---------------

Current thread (0x000002a27855a930):  JavaThread "Attach Listener" daemon [_thread_in_vm, id=19068, stack(0x000000ca4db00000,0x000000ca4dc00000) (1024K)]

Stack: [0x000000ca4db00000,0x000000ca4dc00000]
Native frames: (J=compiled Java code, j=interpreted, Vv=VM code, C=native code)
V  [jvm.dll+0x6d7a39]
V  [jvm.dll+0x8b4b26]
V  [jvm.dll+0x8b70de]
V  [jvm.dll+0x8b77c3]
V  [jvm.dll+0x284346]
V  [jvm.dll+0xc1277]
V  [jvm.dll+0x6d82e9]
V  [jvm.dll+0x1334a6]
V  [jvm.dll+0x3f857e]
V  [jvm.dll+0x85f59d]
V  [jvm.dll+0x6d626d]
C  [ucrtbase.dll+0x37b0]
C  [KERNEL32.DLL+0x2e8d7]
C  [ntdll.dll+0x8c3fc]


---------------  P R O C E S S  ---------------

Threads class SMR info:
_java_thread_list=0x000002a27ed226c0, length=40, elements={
0x000002a25fc8cc60, 0x000002a2785504a0, 0x000002a2785538f0, 0x000002a278559c70,
0x000002a27855a930, 0x000002a27855cdd0, 0x000002a27855d830, 0x000002a278560680,
0x000002a2785dc920, 0x000002a2787655e0, 0x000002a2787c9430, 0x000002a27d7d8a20,
0x000002a27d790240, 0x000002a27d85f810, 0x000002a27d861500, 0x000002a27d9825b0,
0x000002a27dc02d70, 0x000002a27da65d50, 0x000002a27dd69130, 0x000002a27dd697c0,
0x000002a27dd68410, 0x000002a27ed562f0, 0x000002a27ed56980, 0x000002a27ed57010,
0x000002a27ed58a50, 0x000002a27ed583c0, 0x000002a27ed57d30, 0x000002a27ed590e0,
0x000002a27ed576a0, 0x000002a27ed55c60, 0x000002a27ed5bed0, 0x000002a27ed5b840,
0x000002a27ed5c560, 0x000002a27ed5ab20, 0x000002a27ed59770, 0x000002a27ed5d280,
0x000002a242126490, 0x000002a2421236a0, 0x000002a242128560, 0x000002a242125e00
}

Java Threads: ( => current thread )
  0x000002a25fc8cc60 JavaThread "main"                              [_thread_blocked, id=17568, stack(0x000000ca4d400000,0x000000ca4d500000) (1024K)]
  0x000002a2785504a0 JavaThread "Reference Handler"          daemon [_thread_blocked, id=15136, stack(0x000000ca4d800000,0x000000ca4d900000) (1024K)]
  0x000002a2785538f0 JavaThread "Finalizer"                  daemon [_thread_blocked, id=5624, stack(0x000000ca4d900000,0x000000ca4da00000) (1024K)]
  0x000002a278559c70 JavaThread "Signal Dispatcher"          daemon [_thread_blocked, id=20864, stack(0x000000ca4da00000,0x000000ca4db00000) (1024K)]
=>0x000002a27855a930 JavaThread "Attach Listener"            daemon [_thread_in_vm, id=19068, stack(0x000000ca4db00000,0x000000ca4dc00000) (1024K)]
  0x000002a27855cdd0 JavaThread "Service Thread"             daemon [_thread_blocked, id=4476, stack(0x000000ca4dc00000,0x000000ca4dd00000) (1024K)]
  0x000002a27855d830 JavaThread "Monitor Deflation Thread"   daemon [_thread_blocked, id=4512, stack(0x000000ca4dd00000,0x000000ca4de00000) (1024K)]
  0x000002a278560680 JavaThread "C2 CompilerThread0"         daemon [_thread_blocked, id=12112, stack(0x000000ca4de00000,0x000000ca4df00000) (1024K)]
  0x000002a2785dc920 JavaThread "C1 CompilerThread0"         daemon [_thread_blocked, id=5472, stack(0x000000ca4df00000,0x000000ca4e000000) (1024K)]
  0x000002a2787655e0 JavaThread "Common-Cleaner"             daemon [_thread_blocked, id=14400, stack(0x000000ca4e000000,0x000000ca4e100000) (1024K)]
  0x000002a2787c9430 JavaThread "Notification Thread"        daemon [_thread_blocked, id=9156, stack(0x000000ca4e200000,0x000000ca4e300000) (1024K)]
  0x000002a27d7d8a20 JavaThread "Active Thread: Equinox Container: 090bac7d-3ee0-447c-ae39-4f461e7b5fef"        [_thread_blocked, id=26120, stack(0x000000ca4ea00000,0x000000ca4eb00000) (1024K)]
  0x000002a27d790240 JavaThread "Refresh Thread: Equinox Container: 090bac7d-3ee0-447c-ae39-4f461e7b5fef" daemon [_thread_blocked, id=25712, stack(0x000000ca4ec00000,0x000000ca4ed00000) (1024K)]
  0x000002a27d85f810 JavaThread "Framework Event Dispatcher: Equinox Container: 090bac7d-3ee0-447c-ae39-4f461e7b5fef" daemon [_thread_blocked, id=13152, stack(0x000000ca4ed00000,0x000000ca4ee00000) (1024K)]
  0x000002a27d861500 JavaThread "Start Level: Equinox Container: 090bac7d-3ee0-447c-ae39-4f461e7b5fef" daemon [_thread_blocked, id=8604, stack(0x000000ca4ee00000,0x000000ca4ef00000) (1024K)]
  0x000002a27d9825b0 JavaThread "Bundle File Closer"         daemon [_thread_blocked, id=3324, stack(0x000000ca4f100000,0x000000ca4f200000) (1024K)]
  0x000002a27dc02d70 JavaThread "SCR Component Actor"        daemon [_thread_blocked, id=26004, stack(0x000000ca4e100000,0x000000ca4e200000) (1024K)]
  0x000002a27da65d50 JavaThread "Worker-JM"                         [_thread_blocked, id=12868, stack(0x000000ca4f300000,0x000000ca4f400000) (1024K)]
  0x000002a27dd69130 JavaThread "JNA Cleaner"                daemon [_thread_blocked, id=26568, stack(0x000000ca4e300000,0x000000ca4e400000) (1024K)]
  0x000002a27dd697c0 JavaThread "Java indexing"              daemon [_thread_blocked, id=23040, stack(0x000000ca4f700000,0x000000ca4f800000) (1024K)]
  0x000002a27dd68410 JavaThread "Thread-1"                   daemon [_thread_in_native, id=26248, stack(0x000000ca4fd00000,0x000000ca4fe00000) (1024K)]
  0x000002a27ed562f0 JavaThread "Thread-2"                   daemon [_thread_in_native, id=14776, stack(0x000000ca4fe00000,0x000000ca4ff00000) (1024K)]
  0x000002a27ed56980 JavaThread "Thread-3"                   daemon [_thread_in_native, id=12472, stack(0x000000ca4ff00000,0x000000ca50000000) (1024K)]
  0x000002a27ed57010 JavaThread "Thread-4"                   daemon [_thread_in_native, id=2404, stack(0x000000ca50000000,0x000000ca50100000) (1024K)]
  0x000002a27ed58a50 JavaThread "Thread-5"                   daemon [_thread_in_native, id=7396, stack(0x000000ca50100000,0x000000ca50200000) (1024K)]
  0x000002a27ed583c0 JavaThread "Thread-6"                   daemon [_thread_in_native, id=24736, stack(0x000000ca50200000,0x000000ca50300000) (1024K)]
  0x000002a27ed57d30 JavaThread "Thread-7"                   daemon [_thread_in_native, id=17604, stack(0x000000ca50300000,0x000000ca50400000) (1024K)]
  0x000002a27ed590e0 JavaThread "Thread-8"                   daemon [_thread_in_native, id=3060, stack(0x000000ca50400000,0x000000ca50500000) (1024K)]
  0x000002a27ed576a0 JavaThread "Thread-9"                   daemon [_thread_in_native, id=22040, stack(0x000000ca50500000,0x000000ca50600000) (1024K)]
  0x000002a27ed55c60 JavaThread "Thread-10"                  daemon [_thread_in_native, id=11504, stack(0x000000ca50600000,0x000000ca50700000) (1024K)]
  0x000002a27ed5bed0 JavaThread "Thread-11"                  daemon [_thread_in_native, id=20568, stack(0x000000ca50700000,0x000000ca50800000) (1024K)]
  0x000002a27ed5b840 JavaThread "Thread-12"                  daemon [_thread_in_native, id=2136, stack(0x000000ca50800000,0x000000ca50900000) (1024K)]
  0x000002a27ed5c560 JavaThread "Thread-13"                  daemon [_thread_in_native, id=1896, stack(0x000000ca50900000,0x000000ca50a00000) (1024K)]
  0x000002a27ed5ab20 JavaThread "pool-2-thread-1"                   [_thread_blocked, id=14904, stack(0x000000ca50a00000,0x000000ca50b00000) (1024K)]
  0x000002a27ed59770 JavaThread "WorkspaceEventsHandler"            [_thread_blocked, id=25636, stack(0x000000ca50b00000,0x000000ca50c00000) (1024K)]
  0x000002a27ed5d280 JavaThread "pool-1-thread-1"                   [_thread_blocked, id=17016, stack(0x000000ca50c00000,0x000000ca50d00000) (1024K)]
  0x000002a242126490 JavaThread "ForkJoinPool.commonPool-worker-9" daemon [_thread_blocked, id=13728, stack(0x000000ca51500000,0x000000ca51600000) (1024K)]
  0x000002a2421236a0 JavaThread "Worker-5"                          [_thread_blocked, id=18116, stack(0x000000ca4f200000,0x000000ca4f300000) (1024K)]
  0x000002a242128560 JavaThread "Worker-7"                          [_thread_blocked, id=25588, stack(0x000000ca4f800000,0x000000ca4f900000) (1024K)]
  0x000002a242125e00 JavaThread "ForkJoinPool.commonPool-worker-12" daemon [_thread_blocked, id=13276, stack(0x000000ca4d200000,0x000000ca4d300000) (1024K)]
Total: 40

Other Threads:
  0x000002a25fd4ebb0 VMThread "VM Thread"                           [id=16936, stack(0x000000ca4d700000,0x000000ca4d800000) (1024K)]
  0x000002a25fb1ca00 WatcherThread "VM Periodic Task Thread"        [id=19980, stack(0x000000ca4d600000,0x000000ca4d700000) (1024K)]
  0x000002a25fcac160 WorkerThread "GC Thread#0"                     [id=21868, stack(0x000000ca4d500000,0x000000ca4d600000) (1024K)]
  0x000002a27d047930 WorkerThread "GC Thread#1"                     [id=26020, stack(0x000000ca4e400000,0x000000ca4e500000) (1024K)]
  0x000002a27d422f20 WorkerThread "GC Thread#2"                     [id=25744, stack(0x000000ca4e500000,0x000000ca4e600000) (1024K)]
  0x000002a27d047ce0 WorkerThread "GC Thread#3"                     [id=25608, stack(0x000000ca4e600000,0x000000ca4e700000) (1024K)]
  0x000002a27d0074a0 WorkerThread "GC Thread#4"                     [id=26012, stack(0x000000ca4e700000,0x000000ca4e800000) (1024K)]
  0x000002a27d007850 WorkerThread "GC Thread#5"                     [id=25764, stack(0x000000ca4e800000,0x000000ca4e900000) (1024K)]
  0x000002a27d007c00 WorkerThread "GC Thread#6"                     [id=25696, stack(0x000000ca4e900000,0x000000ca4ea00000) (1024K)]
  0x000002a27d77f150 WorkerThread "GC Thread#7"                     [id=2584, stack(0x000000ca4eb00000,0x000000ca4ec00000) (1024K)]
  0x000002a27dbd2a20 WorkerThread "GC Thread#8"                     [id=23476, stack(0x000000ca4ef00000,0x000000ca4f000000) (1024K)]
  0x000002a27dc735f0 WorkerThread "GC Thread#9"                     [id=25544, stack(0x000000ca4f000000,0x000000ca4f100000) (1024K)]
Total: 12

Threads with active compile tasks:
Total: 0

VM state: not at safepoint (normal execution)

VM Mutex/Monitor currently owned by a thread: None

Heap address: 0x0000000080000000, size: 2048 MB, Compressed Oops mode: 32-bit

CDS archive(s) mapped at: [0x000002a200000000-0x000002a200ba0000-0x000002a200ba0000), size 12189696, SharedBaseAddress: 0x000002a200000000, ArchiveRelocationMode: 1.
Compressed class space mapped at: 0x000002a201000000-0x000002a241000000, reserved size: 1073741824
Narrow klass base: 0x000002a200000000, Narrow klass shift: 0, Narrow klass range: 0x100000000

GC Precious Log:
 CardTable entry size: 512
 CPUs: 12 total, 12 available
 Memory: 16068M
 Large Page Support: Disabled
 NUMA Support: Disabled
 Compressed Oops: Enabled (32-bit)
 Alignments: Space 512K, Generation 512K, Heap 2M
 Heap Min Capacity: 100M
 Heap Initial Capacity: 100M
 Heap Max Capacity: 2G
 Pre-touch: Disabled
 Parallel Workers: 10

Heap:
 PSYoungGen      total 8704K, used 2842K [0x00000000d5580000, 0x00000000d6300000, 0x0000000100000000)
  eden space 6144K, 5% used [0x00000000d5580000,0x00000000d55d9800,0x00000000d5b80000)
  from space 2560K, 97% used [0x00000000d6080000,0x00000000d62ed218,0x00000000d6300000)
  to   space 3072K, 0% used [0x00000000d5d00000,0x00000000d5d00000,0x00000000d6000000)
 ParOldGen       total 202752K, used 202261K [0x0000000080000000, 0x000000008c600000, 0x00000000d5580000)
  object space 202752K, 99% used [0x0000000080000000,0x000000008c5855c0,0x000000008c600000)
 Metaspace       used 64439K, committed 65920K, reserved 1114112K
  class space    used 6913K, committed 7552K, reserved 1048576K

Card table byte_map: [0x000002a25f630000,0x000002a25fa40000] _byte_map_base: 0x000002a25f230000

Marking Bits: (ParMarkBitMap*) 0x00007ffd371c3450
 Begin Bits: [0x000002a272140000, 0x000002a274140000)
 End Bits:   [0x000002a274140000, 0x000002a276140000)

Polling page: 0x000002a25da90000

Metaspace:

Usage:
  Non-class:     56.18 MB used.
      Class:      6.75 MB used.
       Both:     62.93 MB used.

Virtual space:
  Non-class space:       64.00 MB reserved,      57.00 MB ( 89%) committed,  1 nodes.
      Class space:        1.00 GB reserved,       7.38 MB ( <1%) committed,  1 nodes.
             Both:        1.06 GB reserved,      64.38 MB (  6%) committed. 

Chunk freelists:
   Non-Class:  6.58 MB
       Class:  8.58 MB
        Both:  15.16 MB

MaxMetaspaceSize: unlimited
CompressedClassSpaceSize: 1.00 GB
Initial GC threshold: 21.00 MB
Current GC threshold: 97.31 MB
CDS: on
 - commit_granule_bytes: 65536.
 - commit_granule_words: 8192.
 - virtual_space_node_default_size: 8388608.
 - enlarge_chunks_in_place: 1.
 - use_allocation_guard: 0.


Internal statistics:

num_allocs_failed_limit: 9.
num_arena_births: 1204.
num_arena_deaths: 22.
num_vsnodes_births: 2.
num_vsnodes_deaths: 0.
num_space_committed: 1030.
num_space_uncommitted: 0.
num_chunks_returned_to_freelist: 35.
num_chunks_taken_from_freelist: 4267.
num_chunk_merges: 20.
num_chunk_splits: 2604.
num_chunks_enlarged: 1464.
num_inconsistent_stats: 0.

CodeHeap 'non-profiled nmethods': size=120000Kb used=7347Kb max_used=7347Kb free=112653Kb
 bounds [0x000002a26a960000, 0x000002a26b090000, 0x000002a271e90000]
CodeHeap 'profiled nmethods': size=120000Kb used=23374Kb max_used=23374Kb free=96625Kb
 bounds [0x000002a262e90000, 0x000002a264570000, 0x000002a26a3c0000]
CodeHeap 'non-nmethods': size=5760Kb used=1429Kb max_used=1486Kb free=4330Kb
 bounds [0x000002a26a3c0000, 0x000002a26a630000, 0x000002a26a960000]
CodeCache: size=245760Kb, used=32150Kb, max_used=32207Kb, free=213608Kb
 total_blobs=11450, nmethods=10707, adapters=649, full_count=0
Compilation: enabled, stopped_count=0, restarted_count=0

Compilation events (20 events):
Event: 619.134 Thread 0x000002a278560680 11457       4       java.util.stream.AbstractPipeline::spliterator (116 bytes)
Event: 619.136 Thread 0x000002a242bc80f0 nmethod 11425 0x000002a26b08a190 code [0x000002a26b08a320, 0x000002a26b08a4c8]
Event: 619.136 Thread 0x000002a242bc80f0 11437       4       org.eclipse.jdt.internal.compiler.classfmt.ClassFileReader::enrichWithExternalAnnotationsFor (2 bytes)
Event: 619.137 Thread 0x000002a2785dc920 11468       3       org.eclipse.core.internal.content.ContentType::isValid (12 bytes)
Event: 619.138 Thread 0x000002a2785dc920 nmethod 11468 0x000002a264523290 code [0x000002a264523440, 0x000002a2645235b8]
Event: 619.138 Thread 0x000002a242bc80f0 nmethod 11437 0x000002a26b08a690 code [0x000002a26b08a820, 0x000002a26b08a8a8]
Event: 619.138 Thread 0x000002a2785dc920 11469       3       org.eclipse.jdt.internal.compiler.parser.Parser::consumeRule (7843 bytes)
Event: 619.140 Thread 0x000002a278560680 nmethod 11457 0x000002a26b08a990 code [0x000002a26b08ab40, 0x000002a26b08ada0]
Event: 619.145 Thread 0x000002a242bc5ee0 nmethod 11430 0x000002a26b08b010 code [0x000002a26b08b260, 0x000002a26b08c1b8]
Event: 619.167 Thread 0x000002a2785dc920 nmethod 11469 0x000002a264523690 code [0x000002a2645286e0, 0x000002a26455b5b0]
Event: 619.168 Thread 0x000002a2785dc920 11470       3       org.eclipse.jdt.internal.compiler.parser.Scanner::getIdentifierIgnoringIgnorable (139 bytes)
Event: 619.168 Thread 0x000002a2785dc920 nmethod 11470 0x000002a264561c10 code [0x000002a264561e80, 0x000002a264562870]
Event: 619.169 Thread 0x000002a2785dc920 11473       3       lombok.eclipse.EclipseNode::getAst (5 bytes)
Event: 619.169 Thread 0x000002a2785dc920 nmethod 11473 0x000002a264562d10 code [0x000002a264562ea0, 0x000002a264562fd8]
Event: 619.169 Thread 0x000002a2785dc920 11471       3       org.eclipse.jdt.internal.compiler.parser.Parser::pushOnIntStack (54 bytes)
Event: 619.169 Thread 0x000002a2785dc920 nmethod 11471 0x000002a264563090 code [0x000002a264563240, 0x000002a264563528]
Event: 619.169 Thread 0x000002a2785dc920 11472       1       lombok.eclipse.EclipseAST::isCompleteParse (5 bytes)
Event: 619.169 Thread 0x000002a2785dc920 nmethod 11472 0x000002a26b08c910 code [0x000002a26b08caa0, 0x000002a26b08cb70]
Event: 632.122 Thread 0x000002a2785dc920 11474       3       java.util.concurrent.ScheduledThreadPoolExecutor$ScheduledFutureTask::getDelay (16 bytes)
Event: 632.122 Thread 0x000002a2785dc920 nmethod 11474 0x000002a264563690 code [0x000002a264563840, 0x000002a2645639d8]

GC Heap History (20 events):
Event: 227.019 GC heap before
{Heap before GC invocations=164 (full 3):
 PSYoungGen      total 6656K, used 6400K [0x00000000d5580000, 0x00000000d5d00000, 0x0000000100000000)
  eden space 6144K, 100% used [0x00000000d5580000,0x00000000d5b80000,0x00000000d5b80000)
  from space 512K, 50% used [0x00000000d5c80000,0x00000000d5cc0000,0x00000000d5d00000)
  to   space 512K, 0% used [0x00000000d5c00000,0x00000000d5c00000,0x00000000d5c80000)
 ParOldGen       total 194560K, used 194440K [0x0000000080000000, 0x000000008be00000, 0x00000000d5580000)
  object space 194560K, 99% used [0x0000000080000000,0x000000008bde2070,0x000000008be00000)
 Metaspace       used 63446K, committed 64960K, reserved 1114112K
  class space    used 6797K, committed 7424K, reserved 1048576K
}
Event: 227.020 GC heap after
{Heap after GC invocations=164 (full 3):
 PSYoungGen      total 6656K, used 427K [0x00000000d5580000, 0x00000000d5d00000, 0x0000000100000000)
  eden space 6144K, 0% used [0x00000000d5580000,0x00000000d5580000,0x00000000d5b80000)
  from space 512K, 83% used [0x00000000d5c00000,0x00000000d5c6ae78,0x00000000d5c80000)
  to   space 512K, 0% used [0x00000000d5c80000,0x00000000d5c80000,0x00000000d5d00000)
 ParOldGen       total 195072K, used 194624K [0x0000000080000000, 0x000000008be80000, 0x00000000d5580000)
  object space 195072K, 99% used [0x0000000080000000,0x000000008be10070,0x000000008be80000)
 Metaspace       used 63446K, committed 64960K, reserved 1114112K
  class space    used 6797K, committed 7424K, reserved 1048576K
}
Event: 227.037 GC heap before
{Heap before GC invocations=165 (full 3):
 PSYoungGen      total 6656K, used 6571K [0x00000000d5580000, 0x00000000d5d00000, 0x0000000100000000)
  eden space 6144K, 100% used [0x00000000d5580000,0x00000000d5b80000,0x00000000d5b80000)
  from space 512K, 83% used [0x00000000d5c00000,0x00000000d5c6ae78,0x00000000d5c80000)
  to   space 512K, 0% used [0x00000000d5c80000,0x00000000d5c80000,0x00000000d5d00000)
 ParOldGen       total 195072K, used 194624K [0x0000000080000000, 0x000000008be80000, 0x00000000d5580000)
  object space 195072K, 99% used [0x0000000080000000,0x000000008be10070,0x000000008be80000)
 Metaspace       used 63450K, committed 64960K, reserved 1114112K
  class space    used 6797K, committed 7424K, reserved 1048576K
}
Event: 227.038 GC heap after
{Heap after GC invocations=165 (full 3):
 PSYoungGen      total 6656K, used 497K [0x00000000d5580000, 0x00000000d5d80000, 0x0000000100000000)
  eden space 6144K, 0% used [0x00000000d5580000,0x00000000d5580000,0x00000000d5b80000)
  from space 512K, 97% used [0x00000000d5c80000,0x00000000d5cfc578,0x00000000d5d00000)
  to   space 1024K, 0% used [0x00000000d5b80000,0x00000000d5b80000,0x00000000d5c80000)
 ParOldGen       total 195072K, used 194999K [0x0000000080000000, 0x000000008be80000, 0x00000000d5580000)
  object space 195072K, 99% used [0x0000000080000000,0x000000008be6ded0,0x000000008be80000)
 Metaspace       used 63450K, committed 64960K, reserved 1114112K
  class space    used 6797K, committed 7424K, reserved 1048576K
}
Event: 227.046 GC heap before
{Heap before GC invocations=166 (full 3):
 PSYoungGen      total 6656K, used 6641K [0x00000000d5580000, 0x00000000d5d80000, 0x0000000100000000)
  eden space 6144K, 100% used [0x00000000d5580000,0x00000000d5b80000,0x00000000d5b80000)
  from space 512K, 97% used [0x00000000d5c80000,0x00000000d5cfc578,0x00000000d5d00000)
  to   space 1024K, 0% used [0x00000000d5b80000,0x00000000d5b80000,0x00000000d5c80000)
 ParOldGen       total 195072K, used 194999K [0x0000000080000000, 0x000000008be80000, 0x00000000d5580000)
  object space 195072K, 99% used [0x0000000080000000,0x000000008be6ded0,0x000000008be80000)
 Metaspace       used 63450K, committed 64960K, reserved 1114112K
  class space    used 6797K, committed 7424K, reserved 1048576K
}
Event: 227.047 GC heap after
{Heap after GC invocations=166 (full 3):
 PSYoungGen      total 7168K, used 447K [0x00000000d5580000, 0x00000000d5d80000, 0x0000000100000000)
  eden space 6144K, 0% used [0x00000000d5580000,0x00000000d5580000,0x00000000d5b80000)
  from space 1024K, 43% used [0x00000000d5b80000,0x00000000d5beffa0,0x00000000d5c80000)
  to   space 1024K, 0% used [0x00000000d5c80000,0x00000000d5c80000,0x00000000d5d80000)
 ParOldGen       total 195584K, used 195387K [0x0000000080000000, 0x000000008bf00000, 0x00000000d5580000)
  object space 195584K, 99% used [0x0000000080000000,0x000000008becef40,0x000000008bf00000)
 Metaspace       used 63450K, committed 64960K, reserved 1114112K
  class space    used 6797K, committed 7424K, reserved 1048576K
}
Event: 227.061 GC heap before
{Heap before GC invocations=167 (full 3):
 PSYoungGen      total 7168K, used 6591K [0x00000000d5580000, 0x00000000d5d80000, 0x0000000100000000)
  eden space 6144K, 100% used [0x00000000d5580000,0x00000000d5b80000,0x00000000d5b80000)
  from space 1024K, 43% used [0x00000000d5b80000,0x00000000d5beffa0,0x00000000d5c80000)
  to   space 1024K, 0% used [0x00000000d5c80000,0x00000000d5c80000,0x00000000d5d80000)
 ParOldGen       total 195584K, used 195387K [0x0000000080000000, 0x000000008bf00000, 0x00000000d5580000)
  object space 195584K, 99% used [0x0000000080000000,0x000000008becef40,0x000000008bf00000)
 Metaspace       used 63454K, committed 64960K, reserved 1114112K
  class space    used 6797K, committed 7424K, reserved 1048576K
}
Event: 227.063 GC heap after
{Heap after GC invocations=167 (full 3):
 PSYoungGen      total 6656K, used 352K [0x00000000d5580000, 0x00000000d5d00000, 0x0000000100000000)
  eden space 6144K, 0% used [0x00000000d5580000,0x00000000d5580000,0x00000000d5b80000)
  from space 512K, 68% used [0x00000000d5c80000,0x00000000d5cd8000,0x00000000d5d00000)
  to   space 512K, 0% used [0x00000000d5c00000,0x00000000d5c00000,0x00000000d5c80000)
 ParOldGen       total 196096K, used 195675K [0x0000000080000000, 0x000000008bf80000, 0x00000000d5580000)
  object space 196096K, 99% used [0x0000000080000000,0x000000008bf16e70,0x000000008bf80000)
 Metaspace       used 63454K, committed 64960K, reserved 1114112K
  class space    used 6797K, committed 7424K, reserved 1048576K
}
Event: 227.095 GC heap before
{Heap before GC invocations=168 (full 3):
 PSYoungGen      total 6656K, used 6496K [0x00000000d5580000, 0x00000000d5d00000, 0x0000000100000000)
  eden space 6144K, 100% used [0x00000000d5580000,0x00000000d5b80000,0x00000000d5b80000)
  from space 512K, 68% used [0x00000000d5c80000,0x00000000d5cd8000,0x00000000d5d00000)
  to   space 512K, 0% used [0x00000000d5c00000,0x00000000d5c00000,0x00000000d5c80000)
 ParOldGen       total 196096K, used 195675K [0x0000000080000000, 0x000000008bf80000, 0x00000000d5580000)
  object space 196096K, 99% used [0x0000000080000000,0x000000008bf16e70,0x000000008bf80000)
 Metaspace       used 63508K, committed 64960K, reserved 1114112K
  class space    used 6810K, committed 7424K, reserved 1048576K
}
Event: 227.097 GC heap after
{Heap after GC invocations=168 (full 3):
 PSYoungGen      total 6656K, used 511K [0x00000000d5580000, 0x00000000d5d80000, 0x0000000100000000)
  eden space 6144K, 0% used [0x00000000d5580000,0x00000000d5580000,0x00000000d5b80000)
  from space 512K, 99% used [0x00000000d5c00000,0x00000000d5c7ff70,0x00000000d5c80000)
  to   space 1024K, 0% used [0x00000000d5c80000,0x00000000d5c80000,0x00000000d5d80000)
 ParOldGen       total 196096K, used 196010K [0x0000000080000000, 0x000000008bf80000, 0x00000000d5580000)
  object space 196096K, 99% used [0x0000000080000000,0x000000008bf6ab30,0x000000008bf80000)
 Metaspace       used 63508K, committed 64960K, reserved 1114112K
  class space    used 6810K, committed 7424K, reserved 1048576K
}
Event: 227.149 GC heap before
{Heap before GC invocations=169 (full 3):
 PSYoungGen      total 6656K, used 6655K [0x00000000d5580000, 0x00000000d5d80000, 0x0000000100000000)
  eden space 6144K, 100% used [0x00000000d5580000,0x00000000d5b80000,0x00000000d5b80000)
  from space 512K, 99% used [0x00000000d5c00000,0x00000000d5c7ff70,0x00000000d5c80000)
  to   space 1024K, 0% used [0x00000000d5c80000,0x00000000d5c80000,0x00000000d5d80000)
 ParOldGen       total 196096K, used 196010K [0x0000000080000000, 0x000000008bf80000, 0x00000000d5580000)
  object space 196096K, 99% used [0x0000000080000000,0x000000008bf6ab30,0x000000008bf80000)
 Metaspace       used 63592K, committed 65152K, reserved 1114112K
  class space    used 6815K, committed 7488K, reserved 1048576K
}
Event: 227.151 GC heap after
{Heap after GC invocations=169 (full 3):
 PSYoungGen      total 7168K, used 951K [0x00000000d5580000, 0x00000000d5d80000, 0x0000000100000000)
  eden space 6144K, 0% used [0x00000000d5580000,0x00000000d5580000,0x00000000d5b80000)
  from space 1024K, 92% used [0x00000000d5c80000,0x00000000d5d6dd68,0x00000000d5d80000)
  to   space 1024K, 0% used [0x00000000d5b80000,0x00000000d5b80000,0x00000000d5c80000)
 ParOldGen       total 197632K, used 197249K [0x0000000080000000, 0x000000008c100000, 0x00000000d5580000)
  object space 197632K, 99% used [0x0000000080000000,0x000000008c0a0450,0x000000008c100000)
 Metaspace       used 63592K, committed 65152K, reserved 1114112K
  class space    used 6815K, committed 7488K, reserved 1048576K
}
Event: 310.865 GC heap before
{Heap before GC invocations=170 (full 3):
 PSYoungGen      total 7168K, used 7095K [0x00000000d5580000, 0x00000000d5d80000, 0x0000000100000000)
  eden space 6144K, 100% used [0x00000000d5580000,0x00000000d5b80000,0x00000000d5b80000)
  from space 1024K, 92% used [0x00000000d5c80000,0x00000000d5d6dd68,0x00000000d5d80000)
  to   space 1024K, 0% used [0x00000000d5b80000,0x00000000d5b80000,0x00000000d5c80000)
 ParOldGen       total 197632K, used 197249K [0x0000000080000000, 0x000000008c100000, 0x00000000d5580000)
  object space 197632K, 99% used [0x0000000080000000,0x000000008c0a0450,0x000000008c100000)
 Metaspace       used 63877K, committed 65408K, reserved 1114112K
  class space    used 6839K, committed 7488K, reserved 1048576K
}
Event: 310.869 GC heap after
{Heap after GC invocations=170 (full 3):
 PSYoungGen      total 7168K, used 384K [0x00000000d5580000, 0x00000000d5d80000, 0x0000000100000000)
  eden space 6144K, 0% used [0x00000000d5580000,0x00000000d5580000,0x00000000d5b80000)
  from space 1024K, 37% used [0x00000000d5b80000,0x00000000d5be0000,0x00000000d5c80000)
  to   space 1024K, 0% used [0x00000000d5c80000,0x00000000d5c80000,0x00000000d5d80000)
 ParOldGen       total 198144K, used 197935K [0x0000000080000000, 0x000000008c180000, 0x00000000d5580000)
  object space 198144K, 99% used [0x0000000080000000,0x000000008c14bf58,0x000000008c180000)
 Metaspace       used 63877K, committed 65408K, reserved 1114112K
  class space    used 6839K, committed 7488K, reserved 1048576K
}
Event: 618.880 GC heap before
{Heap before GC invocations=171 (full 3):
 PSYoungGen      total 7168K, used 6528K [0x00000000d5580000, 0x00000000d5d80000, 0x0000000100000000)
  eden space 6144K, 100% used [0x00000000d5580000,0x00000000d5b80000,0x00000000d5b80000)
  from space 1024K, 37% used [0x00000000d5b80000,0x00000000d5be0000,0x00000000d5c80000)
  to   space 1024K, 0% used [0x00000000d5c80000,0x00000000d5c80000,0x00000000d5d80000)
 ParOldGen       total 198144K, used 197935K [0x0000000080000000, 0x000000008c180000, 0x00000000d5580000)
  object space 198144K, 99% used [0x0000000080000000,0x000000008c14bf58,0x000000008c180000)
 Metaspace       used 64280K, committed 65792K, reserved 1114112K
  class space    used 6883K, committed 7552K, reserved 1048576K
}
Event: 618.882 GC heap after
{Heap after GC invocations=171 (full 3):
 PSYoungGen      total 7168K, used 622K [0x00000000d5580000, 0x00000000d5d80000, 0x0000000100000000)
  eden space 6144K, 0% used [0x00000000d5580000,0x00000000d5580000,0x00000000d5b80000)
  from space 1024K, 60% used [0x00000000d5c80000,0x00000000d5d1bb40,0x00000000d5d80000)
  to   space 1024K, 0% used [0x00000000d5b80000,0x00000000d5b80000,0x00000000d5c80000)
 ParOldGen       total 198144K, used 198111K [0x0000000080000000, 0x000000008c180000, 0x00000000d5580000)
  object space 198144K, 99% used [0x0000000080000000,0x000000008c177f58,0x000000008c180000)
 Metaspace       used 64280K, committed 65792K, reserved 1114112K
  class space    used 6883K, committed 7552K, reserved 1048576K
}
Event: 618.984 GC heap before
{Heap before GC invocations=172 (full 3):
 PSYoungGen      total 7168K, used 6760K [0x00000000d5580000, 0x00000000d5d80000, 0x0000000100000000)
  eden space 6144K, 99% used [0x00000000d5580000,0x00000000d5b7e4e0,0x00000000d5b80000)
  from space 1024K, 60% used [0x00000000d5c80000,0x00000000d5d1bb40,0x00000000d5d80000)
  to   space 1024K, 0% used [0x00000000d5b80000,0x00000000d5b80000,0x00000000d5c80000)
 ParOldGen       total 198144K, used 198111K [0x0000000080000000, 0x000000008c180000, 0x00000000d5580000)
  object space 198144K, 99% used [0x0000000080000000,0x000000008c177f58,0x000000008c180000)
 Metaspace       used 64288K, committed 65792K, reserved 1114112K
  class space    used 6883K, committed 7552K, reserved 1048576K
}
Event: 618.988 GC heap after
{Heap after GC invocations=172 (full 3):
 PSYoungGen      total 7168K, used 1010K [0x00000000d5580000, 0x00000000d6580000, 0x0000000100000000)
  eden space 6144K, 0% used [0x00000000d5580000,0x00000000d5580000,0x00000000d5b80000)
  from space 1024K, 98% used [0x00000000d5b80000,0x00000000d5c7cbc8,0x00000000d5c80000)
  to   space 5120K, 0% used [0x00000000d6080000,0x00000000d6080000,0x00000000d6580000)
 ParOldGen       total 201728K, used 201246K [0x0000000080000000, 0x000000008c500000, 0x00000000d5580000)
  object space 201728K, 99% used [0x0000000080000000,0x000000008c487848,0x000000008c500000)
 Metaspace       used 64288K, committed 65792K, reserved 1114112K
  class space    used 6883K, committed 7552K, reserved 1048576K
}
Event: 619.126 GC heap before
{Heap before GC invocations=173 (full 3):
 PSYoungGen      total 7168K, used 7154K [0x00000000d5580000, 0x00000000d6580000, 0x0000000100000000)
  eden space 6144K, 100% used [0x00000000d5580000,0x00000000d5b80000,0x00000000d5b80000)
  from space 1024K, 98% used [0x00000000d5b80000,0x00000000d5c7cbc8,0x00000000d5c80000)
  to   space 5120K, 0% used [0x00000000d6080000,0x00000000d6080000,0x00000000d6580000)
 ParOldGen       total 201728K, used 201246K [0x0000000080000000, 0x000000008c500000, 0x00000000d5580000)
  object space 201728K, 99% used [0x0000000080000000,0x000000008c487848,0x000000008c500000)
 Metaspace       used 64436K, committed 65920K, reserved 1114112K
  class space    used 6912K, committed 7552K, reserved 1048576K
}
Event: 619.132 GC heap after
{Heap after GC invocations=173 (full 3):
 PSYoungGen      total 8704K, used 2484K [0x00000000d5580000, 0x00000000d6300000, 0x0000000100000000)
  eden space 6144K, 0% used [0x00000000d5580000,0x00000000d5580000,0x00000000d5b80000)
  from space 2560K, 97% used [0x00000000d6080000,0x00000000d62ed218,0x00000000d6300000)
  to   space 3072K, 0% used [0x00000000d5d00000,0x00000000d5d00000,0x00000000d6000000)
 ParOldGen       total 202752K, used 202261K [0x0000000080000000, 0x000000008c600000, 0x00000000d5580000)
  object space 202752K, 99% used [0x0000000080000000,0x000000008c5855c0,0x000000008c600000)
 Metaspace       used 64436K, committed 65920K, reserved 1114112K
  class space    used 6912K, committed 7552K, reserved 1048576K
}

Dll operation events (10 events):
Event: 0.013 Loaded shared library c:\Users\goura\.antigravity\extensions\redhat.java-1.53.0-win32-x64\jre\21.0.10-win32-x86_64\bin\java.dll
Event: 0.109 Loaded shared library c:\Users\goura\.antigravity\extensions\redhat.java-1.53.0-win32-x64\jre\21.0.10-win32-x86_64\bin\zip.dll
Event: 0.144 Loaded shared library C:\Users\goura\.antigravity\extensions\redhat.java-1.53.0-win32-x64\jre\21.0.10-win32-x86_64\bin\instrument.dll
Event: 0.152 Loaded shared library C:\Users\goura\.antigravity\extensions\redhat.java-1.53.0-win32-x64\jre\21.0.10-win32-x86_64\bin\net.dll
Event: 0.156 Loaded shared library C:\Users\goura\.antigravity\extensions\redhat.java-1.53.0-win32-x64\jre\21.0.10-win32-x86_64\bin\nio.dll
Event: 0.162 Loaded shared library C:\Users\goura\.antigravity\extensions\redhat.java-1.53.0-win32-x64\jre\21.0.10-win32-x86_64\bin\zip.dll
Event: 0.197 Loaded shared library C:\Users\goura\.antigravity\extensions\redhat.java-1.53.0-win32-x64\jre\21.0.10-win32-x86_64\bin\jimage.dll
Event: 0.314 Loaded shared library c:\Users\goura\.antigravity\extensions\redhat.java-1.53.0-win32-x64\jre\21.0.10-win32-x86_64\bin\verify.dll
Event: 2.098 Loaded shared library C:\Users\goura\AppData\Roaming\Antigravity\User\globalStorage\redhat.java\1.53.0\config_win\org.eclipse.equinox.launcher\org.eclipse.equinox.launcher.win32.win32.x86_64_1.3.0.v20260203-2149\eclipse_11919.dll
Event: 3.948 Loaded shared library C:\Users\goura\AppData\Local\Temp\jna-98545532\jna1765651567371909690.dll

Deoptimization events (20 events):
Event: 618.861 Thread 0x000002a27ed59e00 Uncommon trap: trap_request=0xffffff45 fr.pc=0x000002a26b025f9c relative=0x00000000000004fc
Event: 618.861 Thread 0x000002a27ed59e00 Uncommon trap: reason=unstable_if action=reinterpret pc=0x000002a26b025f9c method=org.eclipse.jdt.internal.core.util.HashtableOfArrayToObject.put([Ljava/lang/Object;Ljava/lang/Object;)Ljava/lang/Object; @ 55 c2
Event: 618.861 Thread 0x000002a27ed59e00 DEOPT PACKING pc=0x000002a26b025f9c sp=0x000000ca50efe220
Event: 618.861 Thread 0x000002a27ed59e00 DEOPT UNPACKING pc=0x000002a26a413aa2 sp=0x000000ca50efe1c8 mode 2
Event: 619.118 Thread 0x000002a27ed59e00 Uncommon trap: trap_request=0xffffffc6 fr.pc=0x000002a26b07d7fc relative=0x00000000000006bc
Event: 619.118 Thread 0x000002a27ed59e00 Uncommon trap: reason=bimorphic_or_optimized_type_check action=maybe_recompile pc=0x000002a26b07d7fc method=java.util.HashMap.putVal(ILjava/lang/Object;Ljava/lang/Object;ZZ)Ljava/lang/Object; @ 203 c2
Event: 619.118 Thread 0x000002a27ed59e00 DEOPT PACKING pc=0x000002a26b07d7fc sp=0x000000ca50efd500
Event: 619.118 Thread 0x000002a27ed59e00 DEOPT UNPACKING pc=0x000002a26a413aa2 sp=0x000000ca50efd470 mode 2
Event: 619.122 Thread 0x000002a27ed59e00 Uncommon trap: trap_request=0xffffff45 fr.pc=0x000002a26b07d7c0 relative=0x0000000000000680
Event: 619.122 Thread 0x000002a27ed59e00 Uncommon trap: reason=unstable_if action=reinterpret pc=0x000002a26b07d7c0 method=java.util.HashMap.putVal(ILjava/lang/Object;Ljava/lang/Object;ZZ)Ljava/lang/Object; @ 94 c2
Event: 619.122 Thread 0x000002a27ed59e00 DEOPT PACKING pc=0x000002a26b07d7c0 sp=0x000000ca50efd9c0
Event: 619.122 Thread 0x000002a27ed59e00 DEOPT UNPACKING pc=0x000002a26a413aa2 sp=0x000000ca50efd938 mode 2
Event: 619.125 Thread 0x000002a27ed59e00 Uncommon trap: trap_request=0xfffffff4 fr.pc=0x000002a26b0807b8 relative=0x0000000000002498
Event: 619.125 Thread 0x000002a27ed59e00 Uncommon trap: reason=null_check action=make_not_entrant pc=0x000002a26b0807b8 method=org.eclipse.jdt.internal.core.JavaModelCache.getInfo(Lorg/eclipse/jdt/core/IJavaElement;)Lorg/eclipse/jdt/internal/compiler/env/IElementInfo; @ 152 c2
Event: 619.126 Thread 0x000002a27ed59e00 DEOPT PACKING pc=0x000002a26b0807b8 sp=0x000000ca50efdf40
Event: 619.126 Thread 0x000002a27ed59e00 DEOPT UNPACKING pc=0x000002a26a413aa2 sp=0x000000ca50efdeb0 mode 2
Event: 619.146 Thread 0x000002a27ed59e00 Uncommon trap: trap_request=0xffffff45 fr.pc=0x000002a26a9aba3c relative=0x00000000000002fc
Event: 619.146 Thread 0x000002a27ed59e00 Uncommon trap: reason=unstable_if action=reinterpret pc=0x000002a26a9aba3c method=java.util.HashMap$HashIterator.<init>(Ljava/util/HashMap;)V @ 45 c2
Event: 619.146 Thread 0x000002a27ed59e00 DEOPT PACKING pc=0x000002a26a9aba3c sp=0x000000ca50efe220
Event: 619.146 Thread 0x000002a27ed59e00 DEOPT UNPACKING pc=0x000002a26a413aa2 sp=0x000000ca50efe0f0 mode 2

Classes loaded (20 events):
Event: 171.006 Loading class java/util/concurrent/ArrayBlockingQueue
Event: 171.007 Loading class java/util/concurrent/ArrayBlockingQueue done
Event: 171.243 Loading class sun/nio/ch/ChannelOutputStream
Event: 171.243 Loading class sun/nio/ch/ChannelOutputStream done
Event: 310.832 Loading class java/util/stream/Nodes$CollectorTask$OfRef
Event: 310.832 Loading class java/util/stream/Nodes$CollectorTask
Event: 310.832 Loading class java/util/stream/Nodes$CollectorTask done
Event: 310.832 Loading class java/util/stream/Nodes$CollectorTask$OfRef done
Event: 310.833 Loading class java/util/function/LongFunction
Event: 310.833 Loading class java/util/function/LongFunction done
Event: 310.833 Loading class java/util/stream/Nodes$ConcNode
Event: 310.833 Loading class java/util/stream/Nodes$AbstractConcNode
Event: 310.833 Loading class java/util/stream/Nodes$AbstractConcNode done
Event: 310.833 Loading class java/util/stream/Nodes$ConcNode done
Event: 310.849 Loading class java/io/ObjectOutputStream$BlockDataOutputStream
Event: 310.849 Loading class java/io/ObjectOutputStream$BlockDataOutputStream done
Event: 310.849 Loading class java/io/ObjectOutputStream$HandleTable
Event: 310.850 Loading class java/io/ObjectOutputStream$HandleTable done
Event: 310.850 Loading class java/io/ObjectOutputStream$ReplaceTable
Event: 310.850 Loading class java/io/ObjectOutputStream$ReplaceTable done

Classes unloaded (11 events):
Event: 4.532 Thread 0x000002a25fd4ebb0 Unloading class 0x000002a2011a8c00 'java/lang/invoke/LambdaForm$MH+0x000002a2011a8c00'
Event: 4.532 Thread 0x000002a25fd4ebb0 Unloading class 0x000002a2011a8800 'java/lang/invoke/LambdaForm$MH+0x000002a2011a8800'
Event: 4.532 Thread 0x000002a25fd4ebb0 Unloading class 0x000002a2011a8400 'java/lang/invoke/LambdaForm$MH+0x000002a2011a8400'
Event: 4.532 Thread 0x000002a25fd4ebb0 Unloading class 0x000002a2011a8000 'java/lang/invoke/LambdaForm$MH+0x000002a2011a8000'
Event: 4.532 Thread 0x000002a25fd4ebb0 Unloading class 0x000002a2011a7c00 'java/lang/invoke/LambdaForm$BMH+0x000002a2011a7c00'
Event: 4.532 Thread 0x000002a25fd4ebb0 Unloading class 0x000002a2011a7800 'java/lang/invoke/LambdaForm$DMH+0x000002a2011a7800'
Event: 4.532 Thread 0x000002a25fd4ebb0 Unloading class 0x000002a2011a6400 'java/lang/invoke/LambdaForm$DMH+0x000002a2011a6400'
Event: 12.653 Thread 0x000002a25fd4ebb0 Unloading class 0x000002a201611c00 'java/lang/invoke/LambdaForm$DMH+0x000002a201611c00'
Event: 12.653 Thread 0x000002a25fd4ebb0 Unloading class 0x000002a201611800 'java/lang/invoke/LambdaForm$DMH+0x000002a201611800'
Event: 12.653 Thread 0x000002a25fd4ebb0 Unloading class 0x000002a201611400 'java/lang/invoke/LambdaForm$DMH+0x000002a201611400'
Event: 12.653 Thread 0x000002a25fd4ebb0 Unloading class 0x000002a201611000 'java/lang/invoke/LambdaForm$DMH+0x000002a201611000'

Classes redefined (0 events):
No events

Internal exceptions (20 events):
Event: 13.009 Thread 0x000002a27dd67d80 Exception <a 'java/lang/NoSuchMethodError'{0x00000000d5f8ea38}: 'java.lang.Object java.lang.invoke.DirectMethodHandle$Holder.invokeStatic(java.lang.Object, java.lang.Object, int, java.lang.Object)'> (0x00000000d5f8ea38) 
thrown [s\src\hotspot\share\interpreter\linkResolver.cpp, line 773]
Event: 113.539 Thread 0x000002a27ed59770 Exception <a 'java/io/FileNotFoundException'{0x00000000d5b17b50}> (0x00000000d5b17b50) 
thrown [s\src\hotspot\share\prims\jni.cpp, line 520]
Event: 113.539 Thread 0x000002a27ed59770 Exception <a 'java/io/FileNotFoundException'{0x00000000d5b18dd0}> (0x00000000d5b18dd0) 
thrown [s\src\hotspot\share\prims\jni.cpp, line 520]
Event: 113.655 Thread 0x000002a27dd67d80 Exception <a 'sun/nio/fs/WindowsException'{0x00000000d580ccc0}> (0x00000000d580ccc0) 
thrown [s\src\hotspot\share\prims\jni.cpp, line 520]
Event: 113.656 Thread 0x000002a27dd67d80 Exception <a 'sun/nio/fs/WindowsException'{0x00000000d580d560}> (0x00000000d580d560) 
thrown [s\src\hotspot\share\prims\jni.cpp, line 520]
Event: 113.694 Thread 0x000002a27dd67d80 Exception <a 'sun/nio/fs/WindowsException'{0x00000000d5b58368}> (0x00000000d5b58368) 
thrown [s\src\hotspot\share\prims\jni.cpp, line 520]
Event: 113.694 Thread 0x000002a27dd67d80 Exception <a 'sun/nio/fs/WindowsException'{0x00000000d5b58eb8}> (0x00000000d5b58eb8) 
thrown [s\src\hotspot\share\prims\jni.cpp, line 520]
Event: 170.819 Thread 0x000002a27dd67d80 Exception <a 'java/lang/NoSuchMethodError'{0x00000000d5673270}: 'int java.lang.invoke.DirectMethodHandle$Holder.invokeSpecialIFC(java.lang.Object, java.lang.Object, java.lang.Object)'> (0x00000000d5673270) 
thrown [s\src\hotspot\share\interpreter\linkResolver.cpp, line 773]
Event: 170.985 Thread 0x000002a27dd697c0 Exception <a 'sun/nio/fs/WindowsException'{0x00000000d55a1090}> (0x00000000d55a1090) 
thrown [s\src\hotspot\share\prims\jni.cpp, line 520]
Event: 225.654 Thread 0x000002a27dd697c0 Exception <a 'sun/nio/fs/WindowsException'{0x00000000d568cf48}> (0x00000000d568cf48) 
thrown [s\src\hotspot\share\prims\jni.cpp, line 520]
Event: 225.839 Thread 0x000002a242127840 Exception <a 'java/lang/NoSuchMethodError'{0x00000000d5591dc8}: 'void java.lang.invoke.DirectMethodHandle$Holder.invokeStatic(java.lang.Object, int, java.lang.Object)'> (0x00000000d5591dc8) 
thrown [s\src\hotspot\share\interpreter\linkResolver.cpp, line 773]
Event: 225.893 Thread 0x000002a27dd697c0 Exception <a 'sun/nio/fs/WindowsException'{0x00000000d56d64b8}> (0x00000000d56d64b8) 
thrown [s\src\hotspot\share\prims\jni.cpp, line 520]
Event: 226.665 Thread 0x000002a242128560 Implicit null exception at 0x000002a26ae62010 to 0x000002a26ae67f60
Event: 310.845 Thread 0x000002a242128560 Exception <a 'sun/nio/fs/WindowsException'{0x00000000d5b14c98}> (0x00000000d5b14c98) 
thrown [s\src\hotspot\share\prims\jni.cpp, line 520]
Event: 310.845 Thread 0x000002a242128560 Exception <a 'sun/nio/fs/WindowsException'{0x00000000d5b157e8}> (0x00000000d5b157e8) 
thrown [s\src\hotspot\share\prims\jni.cpp, line 520]
Event: 310.845 Thread 0x000002a242128560 Implicit null exception at 0x000002a26aef0d86 to 0x000002a26aef110c
Event: 310.877 Thread 0x000002a242128560 Exception <a 'java/lang/NoSuchMethodError'{0x00000000d55ba1b0}: static [J.<clinit>()V> (0x00000000d55ba1b0) 
thrown [s\src\hotspot\share\prims\jni.cpp, line 1111]
Event: 310.880 Thread 0x000002a242128560 Exception <a 'java/lang/NoSuchMethodError'{0x00000000d55e88b0}: 'java.lang.Object java.lang.invoke.DirectMethodHandle$Holder.newInvokeSpecial(java.lang.Object, java.lang.Object, java.lang.Object, java.lang.Object, java.lang.Object, java.lang.Object, java.lang.Object, java.lang.Object)'> (0x00000000d55e88b0) 
thrown [s\src\hotspot\share\interpreter\linkResolver.cpp, line 773]
Event: 618.865 Thread 0x000002a27ed59e00 Exception <a 'java/lang/IncompatibleClassChangeError'{0x00000000d5a584f0}: Found class java.lang.Object, but interface was expected> (0x00000000d5a584f0) 
thrown [s\src\hotspot\share\interpreter\linkResolver.cpp, line 840]
Event: 619.125 Thread 0x000002a27ed59e00 Implicit null exception at 0x000002a26b07f4ff to 0x000002a26b0807a4

ZGC Phase Switch (0 events):
No events

VM Operations (20 events):
Event: 360.950 Executing non-safepoint VM operation: RendezvousGCThreads
Event: 360.950 Executing non-safepoint VM operation: RendezvousGCThreads done
Event: 405.407 Executing safepoint VM operation: Cleanup
Event: 405.407 Executing safepoint VM operation: Cleanup done
Event: 618.835 Executing non-safepoint VM operation: HandshakeAllThreads (Deoptimize)
Event: 618.835 Executing non-safepoint VM operation: HandshakeAllThreads (Deoptimize) done
Event: 618.880 Executing safepoint VM operation: ParallelGCFailedAllocation (Allocation Failure)
Event: 618.882 Executing safepoint VM operation: ParallelGCFailedAllocation (Allocation Failure) done
Event: 618.984 Executing safepoint VM operation: ParallelGCFailedAllocation (Allocation Failure)
Event: 618.988 Executing safepoint VM operation: ParallelGCFailedAllocation (Allocation Failure) done
Event: 619.067 Executing non-safepoint VM operation: HandshakeAllThreads (Deoptimize)
Event: 619.067 Executing non-safepoint VM operation: HandshakeAllThreads (Deoptimize) done
Event: 619.126 Executing safepoint VM operation: ParallelGCFailedAllocation (Allocation Failure)
Event: 619.132 Executing safepoint VM operation: ParallelGCFailedAllocation (Allocation Failure) done
Event: 620.140 Executing safepoint VM operation: Cleanup
Event: 620.140 Executing safepoint VM operation: Cleanup done
Event: 661.523 Executing non-safepoint VM operation: HandshakeAllThreads (HandshakeForDeflation)
Event: 661.523 Executing non-safepoint VM operation: HandshakeAllThreads (HandshakeForDeflation) done
Event: 661.523 Executing non-safepoint VM operation: RendezvousGCThreads
Event: 661.523 Executing non-safepoint VM operation: RendezvousGCThreads done

Memory protections (0 events):
No events

Nmethod flushes (20 events):
Event: 12.667 Thread 0x000002a25fd4ebb0 flushing  nmethod 0x000002a2636e7890
Event: 12.667 Thread 0x000002a25fd4ebb0 flushing  nmethod 0x000002a2636f4210
Event: 12.667 Thread 0x000002a25fd4ebb0 flushing  nmethod 0x000002a2636f4c90
Event: 12.667 Thread 0x000002a25fd4ebb0 flushing  nmethod 0x000002a2636f7a10
Event: 12.667 Thread 0x000002a25fd4ebb0 flushing  nmethod 0x000002a263703f10
Event: 12.667 Thread 0x000002a25fd4ebb0 flushing  nmethod 0x000002a263718490
Event: 12.667 Thread 0x000002a25fd4ebb0 flushing  nmethod 0x000002a263718b90
Event: 12.667 Thread 0x000002a25fd4ebb0 flushing  nmethod 0x000002a263719190
Event: 12.667 Thread 0x000002a25fd4ebb0 flushing  nmethod 0x000002a26371d310
Event: 12.667 Thread 0x000002a25fd4ebb0 flushing  nmethod 0x000002a26371d690
Event: 12.667 Thread 0x000002a25fd4ebb0 flushing  nmethod 0x000002a26371f110
Event: 12.667 Thread 0x000002a25fd4ebb0 flushing  nmethod 0x000002a26372c110
Event: 12.667 Thread 0x000002a25fd4ebb0 flushing  nmethod 0x000002a263741290
Event: 12.667 Thread 0x000002a25fd4ebb0 flushing  nmethod 0x000002a263745510
Event: 12.667 Thread 0x000002a25fd4ebb0 flushing  nmethod 0x000002a263765210
Event: 12.667 Thread 0x000002a25fd4ebb0 flushing osr nmethod 0x000002a26376c290
Event: 12.667 Thread 0x000002a25fd4ebb0 flushing  nmethod 0x000002a26379b210
Event: 12.667 Thread 0x000002a25fd4ebb0 flushing  nmethod 0x000002a2637bb490
Event: 12.667 Thread 0x000002a25fd4ebb0 flushing  nmethod 0x000002a2637bcd90
Event: 12.667 Thread 0x000002a25fd4ebb0 flushing osr nmethod 0x000002a2637e3890

Events (20 events):
Event: 287.104 Thread 0x000002a27ed5cbf0 Thread exited: 0x000002a27ed5cbf0
Event: 310.831 Thread 0x000002a242128560 Thread added: 0x000002a242128bf0
Event: 310.834 Thread 0x000002a242128bf0 Thread exited: 0x000002a242128bf0
Event: 310.846 Thread 0x000002a242128560 Thread added: 0x000002a242129280
Event: 310.848 Thread 0x000002a242129280 Thread exited: 0x000002a242129280
Event: 310.879 Thread 0x000002a278560680 Thread added: 0x000002a242bc80f0
Event: 311.006 Thread 0x000002a242bc80f0 Thread exited: 0x000002a242bc80f0
Event: 347.105 Thread 0x000002a242123010 Thread exited: 0x000002a242123010
Event: 407.120 Thread 0x000002a2421250e0 Thread exited: 0x000002a2421250e0
Event: 467.129 Thread 0x000002a27ed5a490 Thread exited: 0x000002a27ed5a490
Event: 470.536 Thread 0x000002a242125e00 Thread exited: 0x000002a242125e00
Event: 525.769 Thread 0x000002a242124a50 Thread exited: 0x000002a242124a50
Event: 527.136 Thread 0x000002a242123d30 Thread exited: 0x000002a242123d30
Event: 587.146 Thread 0x000002a242125770 Thread exited: 0x000002a242125770
Event: 618.798 Thread 0x000002a27ed59e00 Thread added: 0x000002a242125e00
Event: 618.862 Thread 0x000002a2785dc920 Thread added: 0x000002a242bc80f0
Event: 619.102 Thread 0x000002a2785dc920 Thread added: 0x000002a242bc5ee0
Event: 624.156 Thread 0x000002a242bc5ee0 Thread exited: 0x000002a242bc5ee0
Event: 629.156 Thread 0x000002a242bc80f0 Thread exited: 0x000002a242bc80f0
Event: 679.158 Thread 0x000002a27ed59e00 Thread exited: 0x000002a27ed59e00


Dynamic libraries:
0x00007ff78b7e0000 - 0x00007ff78b7ee000 	c:\Users\goura\.antigravity\extensions\redhat.java-1.53.0-win32-x64\jre\21.0.10-win32-x86_64\bin\java.exe
0x00007ffe30fe0000 - 0x00007ffe31247000 	C:\WINDOWS\SYSTEM32\ntdll.dll
0x00007ffe2fb70000 - 0x00007ffe2fc39000 	C:\WINDOWS\System32\KERNEL32.DLL
0x00007ffe2de10000 - 0x00007ffe2e204000 	C:\WINDOWS\System32\KERNELBASE.dll
0x00007ffe2da20000 - 0x00007ffe2db6b000 	C:\WINDOWS\System32\ucrtbase.dll
0x00007ffe11900000 - 0x00007ffe1191e000 	c:\Users\goura\.antigravity\extensions\redhat.java-1.53.0-win32-x64\jre\21.0.10-win32-x86_64\bin\VCRUNTIME140.dll
0x00007ffe11920000 - 0x00007ffe11938000 	c:\Users\goura\.antigravity\extensions\redhat.java-1.53.0-win32-x64\jre\21.0.10-win32-x86_64\bin\jli.dll
0x00007ffe303b0000 - 0x00007ffe30575000 	C:\WINDOWS\System32\USER32.dll
0x00007ffe2ebc0000 - 0x00007ffe2ebe7000 	C:\WINDOWS\System32\win32u.dll
0x00007ffe0b8e0000 - 0x00007ffe0bb73000 	C:\WINDOWS\WinSxS\amd64_microsoft.windows.common-controls_6595b64144ccf1df_6.0.26100.8115_none_3e075c82e3354f9c\COMCTL32.dll
0x00007ffe2fa20000 - 0x00007ffe2fa4b000 	C:\WINDOWS\System32\GDI32.dll
0x00007ffe30a30000 - 0x00007ffe30ad9000 	C:\WINDOWS\System32\msvcrt.dll
0x00007ffe2db70000 - 0x00007ffe2dc9a000 	C:\WINDOWS\System32\gdi32full.dll
0x00007ffe2d970000 - 0x00007ffe2da13000 	C:\WINDOWS\System32\msvcp_win.dll
0x00007ffe2f030000 - 0x00007ffe2f062000 	C:\WINDOWS\System32\IMM32.DLL
0x00007ffe24f80000 - 0x00007ffe24f8c000 	c:\Users\goura\.antigravity\extensions\redhat.java-1.53.0-win32-x64\jre\21.0.10-win32-x86_64\bin\vcruntime140_1.dll
0x00007ffddaad0000 - 0x00007ffddab5d000 	c:\Users\goura\.antigravity\extensions\redhat.java-1.53.0-win32-x64\jre\21.0.10-win32-x86_64\bin\msvcp140.dll
0x00007ffd36500000 - 0x00007ffd372a1000 	c:\Users\goura\.antigravity\extensions\redhat.java-1.53.0-win32-x64\jre\21.0.10-win32-x86_64\bin\server\jvm.dll
0x00007ffe30840000 - 0x00007ffe308f6000 	C:\WINDOWS\System32\ADVAPI32.dll
0x00007ffe2f920000 - 0x00007ffe2f9c7000 	C:\WINDOWS\System32\sechost.dll
0x00007ffe30720000 - 0x00007ffe30838000 	C:\WINDOWS\System32\RPCRT4.dll
0x00007ffe2f070000 - 0x00007ffe2f0f0000 	C:\WINDOWS\System32\WS2_32.dll
0x00007ffe2d710000 - 0x00007ffe2d76e000 	C:\WINDOWS\SYSTEM32\POWRPROF.dll
0x00007ffe28a70000 - 0x00007ffe28aa6000 	C:\WINDOWS\SYSTEM32\WINMM.dll
0x00007ffe11980000 - 0x00007ffe1198b000 	C:\WINDOWS\SYSTEM32\VERSION.dll
0x00007ffe2d6f0000 - 0x00007ffe2d704000 	C:\WINDOWS\SYSTEM32\UMPDC.dll
0x00007ffe2c5a0000 - 0x00007ffe2c5bb000 	C:\WINDOWS\SYSTEM32\kernel.appcore.dll
0x00007ffe12ca0000 - 0x00007ffe12caa000 	c:\Users\goura\.antigravity\extensions\redhat.java-1.53.0-win32-x64\jre\21.0.10-win32-x86_64\bin\jimage.dll
0x00007ffe2b860000 - 0x00007ffe2baa2000 	C:\WINDOWS\SYSTEM32\DBGHELP.DLL
0x00007ffe2f590000 - 0x00007ffe2f912000 	C:\WINDOWS\System32\combase.dll
0x00007ffe2ed70000 - 0x00007ffe2ee47000 	C:\WINDOWS\System32\OLEAUT32.dll
0x00007ffe28a30000 - 0x00007ffe28a6b000 	C:\WINDOWS\SYSTEM32\dbgcore.DLL
0x00007ffe2eb10000 - 0x00007ffe2ebb5000 	C:\WINDOWS\System32\bcryptPrimitives.dll
0x00007ffe12c50000 - 0x00007ffe12c5f000 	c:\Users\goura\.antigravity\extensions\redhat.java-1.53.0-win32-x64\jre\21.0.10-win32-x86_64\bin\instrument.dll
0x00007ffdf9a50000 - 0x00007ffdf9a70000 	c:\Users\goura\.antigravity\extensions\redhat.java-1.53.0-win32-x64\jre\21.0.10-win32-x86_64\bin\java.dll
0x00007ffe2fc40000 - 0x00007ffe303a6000 	C:\WINDOWS\System32\SHELL32.dll
0x00007ffe2dca0000 - 0x00007ffe2de0a000 	C:\WINDOWS\System32\wintypes.dll
0x00007ffe2e2a0000 - 0x00007ffe2eb05000 	C:\WINDOWS\System32\windows.storage.dll
0x00007ffe30910000 - 0x00007ffe30a07000 	C:\WINDOWS\System32\SHCORE.dll
0x00007ffe30b60000 - 0x00007ffe30bc6000 	C:\WINDOWS\System32\shlwapi.dll
0x00007ffe2d7d0000 - 0x00007ffe2d7f9000 	C:\WINDOWS\SYSTEM32\profapi.dll
0x00007ffe12a10000 - 0x00007ffe12a28000 	c:\Users\goura\.antigravity\extensions\redhat.java-1.53.0-win32-x64\jre\21.0.10-win32-x86_64\bin\zip.dll
0x00007ffe12b70000 - 0x00007ffe12b80000 	C:\Users\goura\.antigravity\extensions\redhat.java-1.53.0-win32-x64\jre\21.0.10-win32-x86_64\bin\net.dll
0x00007ffe1d650000 - 0x00007ffe1d77d000 	C:\WINDOWS\SYSTEM32\WINHTTP.dll
0x00007ffe2cbb0000 - 0x00007ffe2cc1c000 	C:\WINDOWS\system32\mswsock.dll
0x00007ffdfc410000 - 0x00007ffdfc426000 	C:\Users\goura\.antigravity\extensions\redhat.java-1.53.0-win32-x64\jre\21.0.10-win32-x86_64\bin\nio.dll
0x00007ffe12b20000 - 0x00007ffe12b30000 	c:\Users\goura\.antigravity\extensions\redhat.java-1.53.0-win32-x64\jre\21.0.10-win32-x86_64\bin\verify.dll
0x00007ffdea350000 - 0x00007ffdea395000 	C:\Users\goura\AppData\Roaming\Antigravity\User\globalStorage\redhat.java\1.53.0\config_win\org.eclipse.equinox.launcher\org.eclipse.equinox.launcher.win32.win32.x86_64_1.3.0.v20260203-2149\eclipse_11919.dll
0x00007ffe30580000 - 0x00007ffe30717000 	C:\WINDOWS\System32\ole32.dll
0x00007ffe2ce90000 - 0x00007ffe2ceab000 	C:\WINDOWS\SYSTEM32\CRYPTSP.dll
0x00007ffe2c5c0000 - 0x00007ffe2c5f9000 	C:\WINDOWS\system32\rsaenh.dll
0x00007ffe2cc60000 - 0x00007ffe2cc93000 	C:\WINDOWS\SYSTEM32\USERENV.dll
0x00007ffe2d7a0000 - 0x00007ffe2d7ca000 	C:\WINDOWS\SYSTEM32\bcrypt.dll
0x00007ffe2ceb0000 - 0x00007ffe2cebc000 	C:\WINDOWS\SYSTEM32\CRYPTBASE.dll
0x00007ffe2c020000 - 0x00007ffe2c052000 	C:\WINDOWS\SYSTEM32\IPHLPAPI.DLL
0x00007ffe30a20000 - 0x00007ffe30a2a000 	C:\WINDOWS\System32\NSI.dll
0x00007ffde4e80000 - 0x00007ffde4ec9000 	C:\Users\goura\AppData\Local\Temp\jna-98545532\jna1765651567371909690.dll
0x00007ffe30a10000 - 0x00007ffe30a18000 	C:\WINDOWS\System32\PSAPI.DLL
0x00007ffe24690000 - 0x00007ffe246ad000 	C:\WINDOWS\SYSTEM32\dhcpcsvc6.DLL
0x00007ffe24660000 - 0x00007ffe24685000 	C:\WINDOWS\SYSTEM32\dhcpcsvc.DLL

JVMTI agents:
c:\Users\goura\.antigravity\extensions\redhat.java-1.53.0-win32-x64\lombok\lombok-1.18.39-4050.jar path:c:\Users\goura\.antigravity\extensions\redhat.java-1.53.0-win32-x64\jre\21.0.10-win32-x86_64\bin\instrument.dll, loaded, initialized, instrumentlib options:none

dbghelp: loaded successfully - version: 4.0.5 - missing functions: none
symbol engine: initialized successfully - sym options: 0x614 - pdb path: .;c:\Users\goura\.antigravity\extensions\redhat.java-1.53.0-win32-x64\jre\21.0.10-win32-x86_64\bin;C:\WINDOWS\SYSTEM32;C:\WINDOWS\WinSxS\amd64_microsoft.windows.common-controls_6595b64144ccf1df_6.0.26100.8115_none_3e075c82e3354f9c;c:\Users\goura\.antigravity\extensions\redhat.java-1.53.0-win32-x64\jre\21.0.10-win32-x86_64\bin\server;C:\Users\goura\AppData\Roaming\Antigravity\User\globalStorage\redhat.java\1.53.0\config_win\org.eclipse.equinox.launcher\org.eclipse.equinox.launcher.win32.win32.x86_64_1.3.0.v20260203-2149;C:\Users\goura\AppData\Local\Temp\jna-98545532

VM Arguments:
jvm_args: --add-modules=ALL-SYSTEM --add-opens=java.base/java.util=ALL-UNNAMED --add-opens=java.base/java.lang=ALL-UNNAMED --add-opens=java.base/sun.nio.fs=ALL-UNNAMED -Declipse.application=org.eclipse.jdt.ls.core.id1 -Dosgi.bundles.defaultStartLevel=4 -Declipse.product=org.eclipse.jdt.ls.core.product -Djava.import.generatesMetadataFilesAtProjectRoot=false -DDetectVMInstallationsJob.disabled=true -Dfile.encoding=utf8 -XX:+UseParallelGC -XX:GCTimeRatio=4 -XX:AdaptiveSizePolicyWeight=90 -Dsun.zip.disableMemoryMapping=true -Xmx2G -Xms100m -Xlog:disable -javaagent:c:\Users\goura\.antigravity\extensions\redhat.java-1.53.0-win32-x64\lombok\lombok-1.18.39-4050.jar -XX:+HeapDumpOnOutOfMemoryError -XX:HeapDumpPath=c:\Users\goura\AppData\Roaming\Antigravity\User\workspaceStorage\3a9f633a864b7f7e5040206e595dc496\redhat.java -Daether.dependencyCollector.impl=bf 
java_command: c:\Users\goura\.antigravity\extensions\redhat.java-1.53.0-win32-x64\server\plugins\org.eclipse.equinox.launcher_1.7.100.v20251111-0406.jar -configuration c:\Users\goura\AppData\Roaming\Antigravity\User\globalStorage\redhat.java\1.53.0\config_win -data c:\Users\goura\AppData\Roaming\Antigravity\User\workspaceStorage\3a9f633a864b7f7e5040206e595dc496\redhat.java\jdt_ws --pipe=\\.\pipe\lsp-22f9cf4ff301bb3f8c028438164d7bd0-sock
java_class_path (initial): c:\Users\goura\.antigravity\extensions\redhat.java-1.53.0-win32-x64\server\plugins\org.eclipse.equinox.launcher_1.7.100.v20251111-0406.jar
Launcher Type: SUN_STANDARD

[Global flags]
    uintx AdaptiveSizePolicyWeight                 = 90                                        {product} {command line}
     intx CICompilerCount                          = 4                                         {product} {ergonomic}
    uintx GCTimeRatio                              = 4                                         {product} {command line}
     bool HeapDumpOnOutOfMemoryError               = true                                   {manageable} {command line}
    ccstr HeapDumpPath                             = c:\Users\goura\AppData\Roaming\Antigravity\User\workspaceStorage\3a9f633a864b7f7e5040206e595dc496\redhat.java         {manageable} {command line}
   size_t InitialHeapSize                          = 104857600                                 {product} {command line}
   size_t MaxHeapSize                              = 2147483648                                {product} {command line}
   size_t MaxNewSize                               = 715653120                                 {product} {ergonomic}
   size_t MinHeapDeltaBytes                        = 524288                                    {product} {ergonomic}
   size_t MinHeapSize                              = 104857600                                 {product} {command line}
   size_t NewSize                                  = 34603008                                  {product} {ergonomic}
    uintx NonNMethodCodeHeapSize                   = 5839372                                {pd product} {ergonomic}
    uintx NonProfiledCodeHeapSize                  = 122909434                              {pd product} {ergonomic}
   size_t OldSize                                  = 70254592                                  {product} {ergonomic}
    uintx ProfiledCodeHeapSize                     = 122909434                              {pd product} {ergonomic}
    uintx ReservedCodeCacheSize                    = 251658240                              {pd product} {ergonomic}
     bool SegmentedCodeCache                       = true                                      {product} {ergonomic}
   size_t SoftMaxHeapSize                          = 2147483648                             {manageable} {ergonomic}
     bool UseCompressedOops                        = true                           {product lp64_product} {ergonomic}
     bool UseLargePagesIndividualAllocation        = false                                  {pd product} {ergonomic}
     bool UseParallelGC                            = true                                      {product} {command line}

Logging:
Log output configuration:
 #0: stdout all=off uptime,level,tags foldmultilines=false
 #1: stderr all=off uptime,level,tags foldmultilines=false

Release file:
JAVA_VERSION="21.0.10" 
MODULES="java.base java.compiler java.datatransfer java.xml java.prefs java.desktop java.instrument java.logging java.management java.security.sasl java.naming java.rmi java.management.rmi java.net.http java.scripting java.security.jgss java.transaction.xa java.sql java.sql.rowset java.xml.crypto java.se java.smartcardio jdk.accessibility jdk.internal.jvmstat jdk.attach jdk.charsets jdk.internal.opt jdk.zipfs jdk.compiler jdk.crypto.ec jdk.crypto.cryptoki jdk.crypto.mscapi jdk.dynalink jdk.internal.ed jdk.editpad jdk.hotspot.agent jdk.httpserver jdk.internal.le jdk.internal.vm.ci jdk.internal.vm.compiler jdk.internal.vm.compiler.management jdk.jartool jdk.javadoc jdk.jcmd jdk.management jdk.management.agent jdk.jconsole jdk.jdeps jdk.jdwp.agent jdk.jdi jdk.jfr jdk.jshell jdk.jsobject jdk.jstatd jdk.localedata jdk.management.jfr jdk.naming.dns jdk.naming.rmi jdk.net jdk.nio.mapmode jdk.random jdk.sctp jdk.security.auth jdk.security.jgss jdk.unsupported jdk.unsupported.desktop jdk.xml.dom" 

Environment Variables:
PATH=C:\Program Files\Common Files\Oracle\Java\javapath;C:\Program Files (x86)\Common Files\Oracle\Java\java8path;C:\Program Files (x86)\Common Files\Oracle\Java\javapath;C:\WINDOWS\system32;C:\WINDOWS;C:\WINDOWS\System32\Wbem;C:\WINDOWS\System32\WindowsPowerShell\v1.0\;C:\WINDOWS\System32\OpenSSH\;C:\Program Files\dotnet\;C:\Program Files (x86)\NVIDIA Corporation\PhysX\Common;C:\Users\goura\AppData\Local\Muse Hub\lib;C:\WINDOWS\system32;C:\WINDOWS;C:\WINDOWS\System32\Wbem;C:\WINDOWS\System32\WindowsPowerShell\v1.0\;C:\WINDOWS\System32\OpenSSH\;C:\Program Files\nodejs\;C:\Program Files\Git\cmd;C:\Program Files\Git\bin;C:\Program Files\MySQL\MySQL Shell 8.0\bin\;C:\Users\goura\AppData\Local\Programs\Python\Python313\Scripts\;C:\Users\goura\AppData\Local\Programs\Python\Python313\;C:\Users\goura\AppData\Local\Programs\Python\Launcher\;C:\Users\goura\AppData\Local\Microsoft\WindowsApps;C:\Users\goura\AppData\Local\Programs\Microsoft VS Code\bin;C:\Users\goura\AppData\Local\Muse Hub\lib;C:\Program Files\JetBrains\PyCharm 2025.2\bin;C:\Users\goura\AppData\Roaming\npm;C:\Users\goura\AppData\Local\Programs\Antigravity\bin
USERNAME=goura
OS=Windows_NT
PROCESSOR_IDENTIFIER=Intel64 Family 6 Model 186 Stepping 3, GenuineIntel
TMP=C:\Users\goura\AppData\Local\Temp
TEMP=C:\Users\goura\AppData\Local\Temp




Periodic native trim disabled

---------------  S Y S T E M  ---------------

OS:
 Windows 11 , 64 bit Build 26100 (10.0.26100.8115)
OS uptime: 0 days 3:13 hours
Hyper-V role detected

CPU: total 12 (initial active 12) (6 cores per cpu, 2 threads per core) family 6 model 186 stepping 3 microcode 0x6134, cx8, cmov, fxsr, ht, mmx, 3dnowpref, sse, sse2, sse3, ssse3, sse4.1, sse4.2, popcnt, lzcnt, tsc, tscinvbit, avx, avx2, aes, erms, clmul, bmi1, bmi2, adx, sha, fma, vzeroupper, clflush, clflushopt, clwb, hv, serialize, rdtscp, rdpid, fsrm, f16c, cet_ibt, cet_ss
Processor Information for processor 0
  Max Mhz: 1700, Current Mhz: 1700, Mhz Limit: 1700
Processor Information for processor 1
  Max Mhz: 1700, Current Mhz: 1700, Mhz Limit: 1700
Processor Information for processor 2
  Max Mhz: 1700, Current Mhz: 1700, Mhz Limit: 1700
Processor Information for processor 3
  Max Mhz: 1700, Current Mhz: 1700, Mhz Limit: 1700
Processor Information for processor 4
  Max Mhz: 1700, Current Mhz: 1700, Mhz Limit: 1700
Processor Information for processor 5
  Max Mhz: 1700, Current Mhz: 1700, Mhz Limit: 1700
Processor Information for processor 6
  Max Mhz: 1700, Current Mhz: 1700, Mhz Limit: 1700
Processor Information for processor 7
  Max Mhz: 1700, Current Mhz: 1700, Mhz Limit: 1700
Processor Information for processor 8
  Max Mhz: 1700, Current Mhz: 1700, Mhz Limit: 1700
Processor Information for processor 9
  Max Mhz: 1700, Current Mhz: 1700, Mhz Limit: 1700
Processor Information for processor 10
  Max Mhz: 1700, Current Mhz: 1700, Mhz Limit: 1700
Processor Information for processor 11
  Max Mhz: 1700, Current Mhz: 1558, Mhz Limit: 1700

Memory: 4k page, system-wide physical 16068M (1794M free)
TotalPageFile size 19068M (AvailPageFile size 2M)
current process WorkingSet (physical memory assigned to process): 397M, peak: 425M
current process commit charge ("private bytes"): 472M, peak: 498M

vm_info: OpenJDK 64-Bit Server VM (21.0.10+7-LTS) for windows-amd64 JRE (21.0.10+7-LTS), built on 2026-01-20T00:00:00Z by "admin" with MS VC++ 17.12 (VS2022)

END.
